[C:/Users/na__l/Desktop/web_pf/sbs_web_pf/μ΅°μ„ νΈν…” λ¨μ‘/josun/backblue.gif]
[C:/Users/na__l/Desktop/web_pf/sbs_web_pf/μ΅°μ„ νΈν…” λ¨μ‘/josun/fade.gif]
[C:/Users/na__l/Desktop/web_pf/sbs_web_pf/μ΅°μ„ νΈν…” λ¨μ‘/josun/index.html]
[C:/Users/na__l/Desktop/web_pf/sbs_web_pf/μ΅°μ„ νΈν…” λ¨μ‘/josun/josunhotel.com/static/home/images/josunhotel_og.png]
[C:/Users/na__l/Desktop/web_pf/sbs_web_pf/μ΅°μ„ νΈν…” λ¨μ‘/josun/www.josunhotel.com/static/home/images/ko/pc/common/favicon.ico]
[C:/Users/na__l/Desktop/web_pf/sbs_web_pf/μ΅°μ„ νΈν…” λ¨μ‘/josun/www.josunhotel.com/static/home/js/ko/pc/jquery-3.4.1.min.js]
[C:/Users/na__l/Desktop/web_pf/sbs_web_pf/μ΅°μ„ νΈν…” λ¨μ‘/josun/www.josunhotel.com/static/home/js/ko/pc/pubPlugin.js]
[C:/Users/na__l/Desktop/web_pf/sbs_web_pf/μ΅°μ„ νΈν…” λ¨μ‘/josun/www.josunhotel.com/static/home/js/ko/pc/pubCommon_contents.js]
[C:/Users/na__l/Desktop/web_pf/sbs_web_pf/μ΅°μ„ νΈν…” λ¨μ‘/josun/www.josunhotel.com/static/home/js/ko/pc/pubCommon_josunhotel.js]
[C:/Users/na__l/Desktop/web_pf/sbs_web_pf/μ΅°μ„ νΈν…” λ¨μ‘/josun/www.josunhotel.com/static/home/js/ko/pc/selectbox.js]
[C:/Users/na__l/Desktop/web_pf/sbs_web_pf/μ΅°μ„ νΈν…” λ¨μ‘/josun/www.josunhotel.com/static/home/js/home.js]
[C:/Users/na__l/Desktop/web_pf/sbs_web_pf/μ΅°μ„ νΈν…” λ¨μ‘/josun/www.josunhotel.com/static/home/bluewaves/js/pc/bw_contents.js]
[C:/Users/na__l/Desktop/web_pf/sbs_web_pf/μ΅°μ„ νΈν…” λ¨μ‘/josun/connect.facebook.net/en_US/fbevents.js]
[C:/Users/na__l/Desktop/web_pf/sbs_web_pf/μ΅°μ„ νΈν…” λ¨μ‘/josun/www.josunhotel.com/revolution/content/img_visual_swchosun555c.jpg;]
[C:/Users/na__l/Desktop/web_pf/sbs_web_pf/μ΅°μ„ νΈν…” λ¨μ‘/josun/www.josunhotel.com/static/home/images/ko/pc/HUMA/bg_main01.jpg]
[C:/Users/na__l/Desktop/web_pf/sbs_web_pf/μ΅°μ„ νΈν…” λ¨μ‘/josun/www.josunhotel.com/static/home/images/ko/pc/common/ico_scroll.png]
[C:/Users/na__l/Desktop/web_pf/sbs_web_pf/μ΅°μ„ νΈν…” λ¨μ‘/josun/www.josunhotel.com/util/file/°άΏοΖΠΕ°Αφ Dear My Anne_680 x 47018c0.jpg;]
[C:/Users/na__l/Desktop/web_pf/sbs_web_pf/μ΅°μ„ νΈν…” λ¨μ‘/josun/www.josunhotel.com/util/file/½ζ³Ϊ_ΐϊΐΫ±Η4a78.jpg;]
[C:/Users/na__l/Desktop/web_pf/sbs_web_pf/μ΅°μ„ νΈν…” λ¨μ‘/josun/www.josunhotel.com/util/file/FPM_680x4707a8e.jpg;]
[C:/Users/na__l/Desktop/web_pf/sbs_web_pf/μ΅°μ„ νΈν…” λ¨μ‘/josun/www.josunhotel.com/util/file/FPS_680x4701cba.jpg;]
[C:/Users/na__l/Desktop/web_pf/sbs_web_pf/μ΅°μ„ νΈν…” λ¨μ‘/josun/www.josunhotel.com/util/file/Trip To Pangyo._½ζ³ΧΐΟ2jpg6805.jpg;]
[C:/Users/na__l/Desktop/web_pf/sbs_web_pf/μ΅°μ„ νΈν…” λ¨μ‘/josun/www.josunhotel.com/util/file/ΖΠΕ°Αφ Ό¶³ΧΐΟ(680x470)252d.jpg;]
[C:/Users/na__l/Desktop/web_pf/sbs_web_pf/μ΅°μ„ νΈν…” λ¨μ‘/josun/www.josunhotel.com/util/file/680 470 Nice J Shot! 1_ Εζ 27792.jpg;]
[C:/Users/na__l/Desktop/web_pf/sbs_web_pf/μ΅°μ„ νΈν…” λ¨μ‘/josun/www.josunhotel.com/util/file/ΈΫΔ²½Ί Ό³ΐΜ_680x470db17.jpg;]
[C:/Users/na__l/Desktop/web_pf/sbs_web_pf/μ΅°μ„ νΈν…” λ¨μ‘/josun/www.josunhotel.com/static/home/images/ko/pc/HUMA/bg_main01_01.jpg]
[C:/Users/na__l/Desktop/web_pf/sbs_web_pf/μ΅°μ„ νΈν…” λ¨μ‘/josun/www.josunhotel.com/static/home/images/ko/pc/HUMA/bg_main01_02.jpg]
[C:/Users/na__l/Desktop/web_pf/sbs_web_pf/μ΅°μ„ νΈν…” λ¨μ‘/josun/www.josunhotel.com/static/home/images/ko/pc/HUMA/bg_main03_03.jpg]
[C:/Users/na__l/Desktop/web_pf/sbs_web_pf/μ΅°μ„ νΈν…” λ¨μ‘/josun/www.josunhotel.com/static/home/images/ko/pc/HUMA/bg_main03_02.jpg]
[C:/Users/na__l/Desktop/web_pf/sbs_web_pf/μ΅°μ„ νΈν…” λ¨μ‘/josun/www.josunhotel.com/static/home/images/ko/pc/HUMA/bg_main03_04.jpg]
[C:/Users/na__l/Desktop/web_pf/sbs_web_pf/μ΅°μ„ νΈν…” λ¨μ‘/josun/www.josunhotel.com/static/home/images/ko/pc/HUMA/bg_main03_05.jpg]
[C:/Users/na__l/Desktop/web_pf/sbs_web_pf/μ΅°μ„ νΈν…” λ¨μ‘/josun/www.josunhotel.com/static/home/images/ko/pc/HUMA/bg_main03_06.jpg]
[C:/Users/na__l/Desktop/web_pf/sbs_web_pf/μ΅°μ„ νΈν…” λ¨μ‘/josun/www.josunhotel.com/static/home/images/ko/pc/HUMA/bg_main03_07.jpg]
[C:/Users/na__l/Desktop/web_pf/sbs_web_pf/μ΅°μ„ νΈν…” λ¨μ‘/josun/www.josunhotel.com/static/home/images/ko/pc/HUMA/bg_main03_08.jpg]
[C:/Users/na__l/Desktop/web_pf/sbs_web_pf/μ΅°μ„ νΈν…” λ¨μ‘/josun/www.josunhotel.com/static/home/images/ko/pc/HUMA/bg_main03_09.jpg]
[C:/Users/na__l/Desktop/web_pf/sbs_web_pf/μ΅°μ„ νΈν…” λ¨μ‘/josun/www.josunhotel.com/static/home/images/ko/pc/HUMA/img_brand_logo17.png]
[C:/Users/na__l/Desktop/web_pf/sbs_web_pf/μ΅°μ„ νΈν…” λ¨μ‘/josun/www.josunhotel.com/static/home/images/ko/pc/HUMA/img_brand_logo01.png]
[C:/Users/na__l/Desktop/web_pf/sbs_web_pf/μ΅°μ„ νΈν…” λ¨μ‘/josun/www.josunhotel.com/static/home/images/ko/pc/HUMA/img_brand_logo02.png]
[C:/Users/na__l/Desktop/web_pf/sbs_web_pf/μ΅°μ„ νΈν…” λ¨μ‘/josun/www.josunhotel.com/static/home/images/ko/pc/HUMA/img_brand_logo03.png]
[C:/Users/na__l/Desktop/web_pf/sbs_web_pf/μ΅°μ„ νΈν…” λ¨μ‘/josun/www.josunhotel.com/static/home/images/ko/pc/HUMA/img_brand_logo15.png]
[C:/Users/na__l/Desktop/web_pf/sbs_web_pf/μ΅°μ„ νΈν…” λ¨μ‘/josun/www.josunhotel.com/static/home/images/ko/pc/HUMA/img_brand_logo04.png]
[C:/Users/na__l/Desktop/web_pf/sbs_web_pf/μ΅°μ„ νΈν…” λ¨μ‘/josun/www.josunhotel.com/static/home/images/ko/pc/HUMA/img_brand_logo16.png]
[C:/Users/na__l/Desktop/web_pf/sbs_web_pf/μ΅°μ„ νΈν…” λ¨μ‘/josun/www.josunhotel.com/static/home/images/ko/pc/HUMA/img_brand_logo05.png]
[C:/Users/na__l/Desktop/web_pf/sbs_web_pf/μ΅°μ„ νΈν…” λ¨μ‘/josun/www.josunhotel.com/static/home/images/ko/pc/HUMA/img_brand_logo06.png]
[C:/Users/na__l/Desktop/web_pf/sbs_web_pf/μ΅°μ„ νΈν…” λ¨μ‘/josun/www.josunhotel.com/static/home/images/ko/pc/HUMA/img_brand_logo19.png]
[C:/Users/na__l/Desktop/web_pf/sbs_web_pf/μ΅°μ„ νΈν…” λ¨μ‘/josun/www.josunhotel.com/static/home/images/ko/pc/HUMA/img_brand_logo08.png]
[C:/Users/na__l/Desktop/web_pf/sbs_web_pf/μ΅°μ„ νΈν…” λ¨μ‘/josun/www.josunhotel.com/static/home/images/ko/pc/HUMA/img_brand_logo09.png]
[C:/Users/na__l/Desktop/web_pf/sbs_web_pf/μ΅°μ„ νΈν…” λ¨μ‘/josun/www.josunhotel.com/static/home/images/ko/pc/HUMA/img_brand_logo10.png]
[C:/Users/na__l/Desktop/web_pf/sbs_web_pf/μ΅°μ„ νΈν…” λ¨μ‘/josun/www.josunhotel.com/static/home/images/ko/pc/HUMA/img_brand_logo11.png]
[C:/Users/na__l/Desktop/web_pf/sbs_web_pf/μ΅°μ„ νΈν…” λ¨μ‘/josun/www.josunhotel.com/static/home/images/ko/pc/HUMA/img_brand_logo12.png]
[C:/Users/na__l/Desktop/web_pf/sbs_web_pf/μ΅°μ„ νΈν…” λ¨μ‘/josun/www.josunhotel.com/static/home/images/ko/pc/HUMA/img_brand_logo13.png]
[C:/Users/na__l/Desktop/web_pf/sbs_web_pf/μ΅°μ„ νΈν…” λ¨μ‘/josun/www.josunhotel.com/static/home/images/ko/pc/HUMA/img_brand_logo14.png]
[C:/Users/na__l/Desktop/web_pf/sbs_web_pf/μ΅°μ„ νΈν…” λ¨μ‘/josun/www.josunhotel.com/static/home/images/ko/pc/HUMA/img_brand_logo18.png]
[C:/Users/na__l/Desktop/web_pf/sbs_web_pf/μ΅°μ„ νΈν…” λ¨μ‘/josun/www.josunhotel.com/util/file/1. Ariad4f3.png;]
[C:/Users/na__l/Desktop/web_pf/sbs_web_pf/μ΅°μ„ νΈν…” λ¨μ‘/josun/www.josunhotel.com/static/home/images/ko/pc/BSMA/img_membership_card01.png]
[C:/Users/na__l/Desktop/web_pf/sbs_web_pf/μ΅°μ„ νΈν…” λ¨μ‘/josun/www.josunhotel.com/static/home/images/ko/pc/BSMA/img_membership_card02.png]
[C:/Users/na__l/Desktop/web_pf/sbs_web_pf/μ΅°μ„ νΈν…” λ¨μ‘/josun/www.josunhotel.com/static/home/images/ko/pc/BSMA/img_membership_card03.png]
[C:/Users/na__l/Desktop/web_pf/sbs_web_pf/μ΅°μ„ νΈν…” λ¨μ‘/josun/www.josunhotel.com/static/home/images/ko/pc/BSMA/img_membership_card04.png]
[C:/Users/na__l/Desktop/web_pf/sbs_web_pf/μ΅°μ„ νΈν…” λ¨μ‘/josun/www.josunhotel.com/intro.html]
[C:/Users/na__l/Desktop/web_pf/sbs_web_pf/μ΅°μ„ νΈν…” λ¨μ‘/josun/www.josunhotel.com/static/home/images/ko/pc/common/btn_menu.png]
[C:/Users/na__l/Desktop/web_pf/sbs_web_pf/μ΅°μ„ νΈν…” λ¨μ‘/josun/www.josunhotel.com/static/home/images/ko/pc/common/bg_logo_shinsegae02.png]
[C:/Users/na__l/Desktop/web_pf/sbs_web_pf/μ΅°μ„ νΈν…” λ¨μ‘/josun/www.josunhotel.com/static/home/images/ko/pc/common/ico_dropdown_black_8x4.png]
[C:/Users/na__l/Desktop/web_pf/sbs_web_pf/μ΅°μ„ νΈν…” λ¨μ‘/josun/www.josunhotel.com/static/home/images/ko/pc/common/ico_search_black_11x11.png]
[C:/Users/na__l/Desktop/web_pf/sbs_web_pf/μ΅°μ„ νΈν…” λ¨μ‘/josun/www.josunhotel.com/static/home/images/ko/pc/common/ico_lang_black.png]
[C:/Users/na__l/Desktop/web_pf/sbs_web_pf/μ΅°μ„ νΈν…” λ¨μ‘/josun/www.josunhotel.com/static/home/images/ko/pc/common/btn_close_white_25x25.png]
[C:/Users/na__l/Desktop/web_pf/sbs_web_pf/μ΅°μ„ νΈν…” λ¨μ‘/josun/www.josunhotel.com/static/home/images/ko/pc/common/img_logo_hotel_palace.png]
[C:/Users/na__l/Desktop/web_pf/sbs_web_pf/μ΅°μ„ νΈν…” λ¨μ‘/josun/www.josunhotel.com/static/home/images/ko/pc/common/img_logo_hotel_westin_seoul.png]
[C:/Users/na__l/Desktop/web_pf/sbs_web_pf/μ΅°μ„ νΈν…” λ¨μ‘/josun/www.josunhotel.com/static/home/images/ko/pc/common/img_logo_hotel_westin_busan.png]
[C:/Users/na__l/Desktop/web_pf/sbs_web_pf/μ΅°μ„ νΈν…” λ¨μ‘/josun/www.josunhotel.com/static/home/images/ko/pc/common/img_logo_hotel_grand_busan.png]
[C:/Users/na__l/Desktop/web_pf/sbs_web_pf/μ΅°μ„ νΈν…” λ¨μ‘/josun/www.josunhotel.com/static/home/images/ko/pc/common/img_logo_hotel_grand_jeju.png]
[C:/Users/na__l/Desktop/web_pf/sbs_web_pf/μ΅°μ„ νΈν…” λ¨μ‘/josun/www.josunhotel.com/static/home/images/ko/pc/common/img_logo_hotel_lescape.png]
[C:/Users/na__l/Desktop/web_pf/sbs_web_pf/μ΅°μ„ νΈν…” λ¨μ‘/josun/www.josunhotel.com/static/home/images/ko/pc/common/img_logo_hotel_gravity_pangyo.png]
[C:/Users/na__l/Desktop/web_pf/sbs_web_pf/μ΅°μ„ νΈν…” λ¨μ‘/josun/www.josunhotel.com/static/home/images/ko/pc/common/img_logo_hotel_sheraton_seoulstation.png]
[C:/Users/na__l/Desktop/web_pf/sbs_web_pf/μ΅°μ„ νΈν…” λ¨μ‘/josun/www.josunhotel.com/static/home/images/ko/pc/common/img_logo_hotel_sheraton_seoulmyeongdong.png]
[C:/Users/na__l/Desktop/web_pf/sbs_web_pf/μ΅°μ„ νΈν…” λ¨μ‘/josun/www.josunhotel.com/static/home/images/ko/pc/common/img_logo_hotel_palace_active.png]
[C:/Users/na__l/Desktop/web_pf/sbs_web_pf/μ΅°μ„ νΈν…” λ¨μ‘/josun/www.josunhotel.com/static/home/images/ko/pc/common/img_logo_hotel_westin_seoul_active.png]
[C:/Users/na__l/Desktop/web_pf/sbs_web_pf/μ΅°μ„ νΈν…” λ¨μ‘/josun/www.josunhotel.com/static/home/images/ko/pc/common/img_logo_hotel_westin_busan_active.png]
[C:/Users/na__l/Desktop/web_pf/sbs_web_pf/μ΅°μ„ νΈν…” λ¨μ‘/josun/www.josunhotel.com/static/home/images/ko/pc/common/img_logo_hotel_grand_busan_active.png]
[C:/Users/na__l/Desktop/web_pf/sbs_web_pf/μ΅°μ„ νΈν…” λ¨μ‘/josun/www.josunhotel.com/static/home/images/ko/pc/common/img_logo_hotel_grand_jeju_active.png]
[C:/Users/na__l/Desktop/web_pf/sbs_web_pf/μ΅°μ„ νΈν…” λ¨μ‘/josun/www.josunhotel.com/static/home/images/ko/pc/common/img_logo_hotel_lescape_active.png]
[C:/Users/na__l/Desktop/web_pf/sbs_web_pf/μ΅°μ„ νΈν…” λ¨μ‘/josun/www.josunhotel.com/static/home/images/ko/pc/common/img_logo_hotel_gravity_pangyo_active.png]
[C:/Users/na__l/Desktop/web_pf/sbs_web_pf/μ΅°μ„ νΈν…” λ¨μ‘/josun/www.josunhotel.com/static/home/images/ko/pc/common/img_logo_hotel_sheraton_seoulstation_active.png]
[C:/Users/na__l/Desktop/web_pf/sbs_web_pf/μ΅°μ„ νΈν…” λ¨μ‘/josun/www.josunhotel.com/static/home/images/ko/pc/common/img_logo_hotel_sheraton_seoulmyeongdong_active.png]
[C:/Users/na__l/Desktop/web_pf/sbs_web_pf/μ΅°μ„ νΈν…” λ¨μ‘/josun/www.josunhotel.com/static/home/images/ko/pc/common/bg_logo_footer.png]
[C:/Users/na__l/Desktop/web_pf/sbs_web_pf/μ΅°μ„ νΈν…” λ¨μ‘/josun/www.josunhotel.com/static/home/images/ko/pc/common/logo_grandjosun.png]
[C:/Users/na__l/Desktop/web_pf/sbs_web_pf/μ΅°μ„ νΈν…” λ¨μ‘/josun/www.josunhotel.com/static/home/images/ko/pc/common/logo_grandjosun02.png]
[C:/Users/na__l/Desktop/web_pf/sbs_web_pf/μ΅°μ„ νΈν…” λ¨μ‘/josun/www.josunhotel.com/static/home/images/ko/pc/common/logo_lescape.png]
[C:/Users/na__l/Desktop/web_pf/sbs_web_pf/μ΅°μ„ νΈν…” λ¨μ‘/josun/www.josunhotel.com/static/home/images/ko/pc/common/logo_wchosunseoul.png]
[C:/Users/na__l/Desktop/web_pf/sbs_web_pf/μ΅°μ„ νΈν…” λ¨μ‘/josun/www.josunhotel.com/static/home/images/ko/pc/common/logo_wchosunbusan.png]
[C:/Users/na__l/Desktop/web_pf/sbs_web_pf/μ΅°μ„ νΈν…” λ¨μ‘/josun/www.josunhotel.com/static/home/images/ko/pc/common/logo_fourpoints.png]
[C:/Users/na__l/Desktop/web_pf/sbs_web_pf/μ΅°μ„ νΈν…” λ¨μ‘/josun/www.josunhotel.com/static/home/images/ko/pc/common/logo_fourpoints02.png]
[C:/Users/na__l/Desktop/web_pf/sbs_web_pf/μ΅°μ„ νΈν…” λ¨μ‘/josun/www.josunhotel.com/static/home/images/ko/pc/common/logo_gravity.png]
[C:/Users/na__l/Desktop/web_pf/sbs_web_pf/μ΅°μ„ νΈν…” λ¨μ‘/josun/www.josunhotel.com/static/home/images/ko/pc/common/logo_josunpalace.png]
[C:/Users/na__l/Desktop/web_pf/sbs_web_pf/μ΅°μ„ νΈν…” λ¨μ‘/josun/www.josunhotel.com/static/home/images/ko/pc/common/ico_sns_josun.png]
[C:/Users/na__l/Desktop/web_pf/sbs_web_pf/μ΅°μ„ νΈν…” λ¨μ‘/josun/www.josunhotel.com/static/home/images/ko/pc/common/ico_sns_kakao.png]
[C:/Users/na__l/Desktop/web_pf/sbs_web_pf/μ΅°μ„ νΈν…” λ¨μ‘/josun/www.josunhotel.com/static/home/images/ko/pc/common/ico_sns_insta.png]
[C:/Users/na__l/Desktop/web_pf/sbs_web_pf/μ΅°μ„ νΈν…” λ¨μ‘/josun/www.josunhotel.com/static/home/css/ko/pc/common_josunhotel.css]
[C:/Users/na__l/Desktop/web_pf/sbs_web_pf/μ΅°μ„ νΈν…” λ¨μ‘/josun/www.josunhotel.com/static/home/images/ko/pc/common/ico_sns_youtube.png]
[C:/Users/na__l/Desktop/web_pf/sbs_web_pf/μ΅°μ„ νΈν…” λ¨μ‘/josun/www.josunhotel.com/static/home/images/ko/pc/common/bg_logo_shinsegae.png]
[C:/Users/na__l/Desktop/web_pf/sbs_web_pf/μ΅°μ„ νΈν…” λ¨μ‘/josun/www.josunhotel.com/static/home/images/ko/pc/common/ico_dropdown_white_8x4.png]
[C:/Users/na__l/Desktop/web_pf/sbs_web_pf/μ΅°μ„ νΈν…” λ¨μ‘/josun/www.josunhotel.com/static/home/images/ko/pc/common/ico_search_white_11x11.png]
[C:/Users/na__l/Desktop/web_pf/sbs_web_pf/μ΅°μ„ νΈν…” λ¨μ‘/josun/www.josunhotel.com/static/home/images/ko/pc/common/ico_lang_white.png]
[C:/Users/na__l/Desktop/web_pf/sbs_web_pf/μ΅°μ„ νΈν…” λ¨μ‘/josun/www.josunhotel.com/static/home/images/ko/pc/common/btn_swipe_66x66.png]
[C:/Users/na__l/Desktop/web_pf/sbs_web_pf/μ΅°μ„ νΈν…” λ¨μ‘/josun/www.josunhotel.com/static/home/images/ko/pc/HUMA/img_homebox_logo01.png]
[C:/Users/na__l/Desktop/web_pf/sbs_web_pf/μ΅°μ„ νΈν…” λ¨μ‘/josun/www.josunhotel.com/static/home/images/ko/pc/HUMA/img_homebox_logo02.png]
[C:/Users/na__l/Desktop/web_pf/sbs_web_pf/μ΅°μ„ νΈν…” λ¨μ‘/josun/www.josunhotel.com/static/home/images/ko/pc/HUMA/img_homebox_logo03.png]
[C:/Users/na__l/Desktop/web_pf/sbs_web_pf/μ΅°μ„ νΈν…” λ¨μ‘/josun/www.josunhotel.com/static/home/images/ko/pc/HUMA/img_homebox_logo04.png]
[C:/Users/na__l/Desktop/web_pf/sbs_web_pf/μ΅°μ„ νΈν…” λ¨μ‘/josun/www.josunhotel.com/static/home/images/ko/pc/HUMA/img_homebox_logo05.png]
[C:/Users/na__l/Desktop/web_pf/sbs_web_pf/μ΅°μ„ νΈν…” λ¨μ‘/josun/www.josunhotel.com/static/home/images/ko/pc/HUMA/img_homebox_logo06.png]
[C:/Users/na__l/Desktop/web_pf/sbs_web_pf/μ΅°μ„ νΈν…” λ¨μ‘/josun/www.josunhotel.com/static/home/images/ko/pc/HUMA/img_homebox_logo07.png]
[C:/Users/na__l/Desktop/web_pf/sbs_web_pf/μ΅°μ„ νΈν…” λ¨μ‘/josun/www.josunhotel.com/static/home/images/ko/pc/HUMA/img_homebox_logo08.png]
[C:/Users/na__l/Desktop/web_pf/sbs_web_pf/μ΅°μ„ νΈν…” λ¨μ‘/josun/www.josunhotel.com/static/home/images/ko/pc/HUMA/img_homebox_logo09.png]
[C:/Users/na__l/Desktop/web_pf/sbs_web_pf/μ΅°μ„ νΈν…” λ¨μ‘/josun/www.josunhotel.com/static/home/images/ko/pc/common/ico_toggle_w_15x8.png]
[C:/Users/na__l/Desktop/web_pf/sbs_web_pf/μ΅°μ„ νΈν…” λ¨μ‘/josun/www.josunhotel.com/static/home/images/ko/pc/common/btn_close_25x25.png]
[C:/Users/na__l/Desktop/web_pf/sbs_web_pf/μ΅°μ„ νΈν…” λ¨μ‘/josun/www.josunhotel.com/static/home/images/ko/pc/common/ico_up_white_10x10.png]
[C:/Users/na__l/Desktop/web_pf/sbs_web_pf/μ΅°μ„ νΈν…” λ¨μ‘/josun/www.josunhotel.com/static/home/images/ko/pc/HUMA/bg_main02.jpg]
[C:/Users/na__l/Desktop/web_pf/sbs_web_pf/μ΅°μ„ νΈν…” λ¨μ‘/josun/www.josunhotel.com/static/home/images/ko/pc/HUMA/img_oblist_logo01.png]
[C:/Users/na__l/Desktop/web_pf/sbs_web_pf/μ΅°μ„ νΈν…” λ¨μ‘/josun/www.josunhotel.com/static/home/images/ko/pc/HUMA/img_oblist_logo02.png]
[C:/Users/na__l/Desktop/web_pf/sbs_web_pf/μ΅°μ„ νΈν…” λ¨μ‘/josun/www.josunhotel.com/static/home/images/ko/pc/HUMA/img_oblist_logo03.png]
[C:/Users/na__l/Desktop/web_pf/sbs_web_pf/μ΅°μ„ νΈν…” λ¨μ‘/josun/www.josunhotel.com/static/home/images/ko/pc/HUMA/img_oblist_logo04.png]
[C:/Users/na__l/Desktop/web_pf/sbs_web_pf/μ΅°μ„ νΈν…” λ¨μ‘/josun/www.josunhotel.com/static/home/images/ko/pc/HUMA/img_oblist_logo05.png]
[C:/Users/na__l/Desktop/web_pf/sbs_web_pf/μ΅°μ„ νΈν…” λ¨μ‘/josun/www.josunhotel.com/static/home/images/ko/pc/HUMA/img_oblist_logo06.png]
[C:/Users/na__l/Desktop/web_pf/sbs_web_pf/μ΅°μ„ νΈν…” λ¨μ‘/josun/www.josunhotel.com/static/home/images/ko/pc/HUMA/img_oblist_logo07.png]
[C:/Users/na__l/Desktop/web_pf/sbs_web_pf/μ΅°μ„ νΈν…” λ¨μ‘/josun/www.josunhotel.com/static/home/images/ko/pc/HUMA/img_oblist_logo08.png]
[C:/Users/na__l/Desktop/web_pf/sbs_web_pf/μ΅°μ„ νΈν…” λ¨μ‘/josun/www.josunhotel.com/static/home/images/ko/pc/HUMA/img_oblist_logo09.png]
[C:/Users/na__l/Desktop/web_pf/sbs_web_pf/μ΅°μ„ νΈν…” λ¨μ‘/josun/www.josunhotel.com/static/home/css/ko/pc/main_josunhotel.css]
[C:/Users/na__l/Desktop/web_pf/sbs_web_pf/μ΅°μ„ νΈν…” λ¨μ‘/josun/www.josunhotel.com/static/home/bluewaves/css/pc/contents.css]
[C:/Users/na__l/Desktop/web_pf/sbs_web_pf/μ΅°μ„ νΈν…” λ¨μ‘/josun/www.googletagmanager.com/gtm5445.html]
[C:/Users/na__l/Desktop/web_pf/sbs_web_pf/μ΅°μ„ νΈν…” λ¨μ‘/josun/connect.facebook.net/en_US/fbevents.js]
[C:/Users/na__l/Desktop/web_pf/sbs_web_pf/μ΅°μ„ νΈν…” λ¨μ‘/josun/www.josunhotel.com/revolution/content/img_visual_about01_0160c8.jpg;]
[C:/Users/na__l/Desktop/web_pf/sbs_web_pf/μ΅°μ„ νΈν…” λ¨μ‘/josun/www.josunhotel.com/revolution/content/MO_aboutus_list1cb71.jpg;]
[C:/Users/na__l/Desktop/web_pf/sbs_web_pf/μ΅°μ„ νΈν…” λ¨μ‘/josun/www.josunhotel.com/revolution/content/MO_aboutus_list284a6.jpg;]
[C:/Users/na__l/Desktop/web_pf/sbs_web_pf/μ΅°μ„ νΈν…” λ¨μ‘/josun/www.josunhotel.com/revolution/content/CI_01cc85.png;]
[C:/Users/na__l/Desktop/web_pf/sbs_web_pf/μ΅°μ„ νΈν…” λ¨μ‘/josun/www.josunhotel.com/revolution/content/CI_028e58.png;]
[C:/Users/na__l/Desktop/web_pf/sbs_web_pf/μ΅°μ„ νΈν…” λ¨μ‘/josun/www.josunhotel.com/about/hotel.html]
[C:/Users/na__l/Desktop/web_pf/sbs_web_pf/μ΅°μ„ νΈν…” λ¨μ‘/josun/www.josunhotel.com/revolution/content/img_visual_about02_018f59.jpg;]
[C:/Users/na__l/Desktop/web_pf/sbs_web_pf/μ΅°μ„ νΈν…” λ¨μ‘/josun/www.josunhotel.com/about/history.html]
[C:/Users/na__l/Desktop/web_pf/sbs_web_pf/μ΅°μ„ νΈν…” λ¨μ‘/josun/www.josunhotel.com/revolution/content/img_visual_about03_01ac32.jpg;]
[C:/Users/na__l/Desktop/web_pf/sbs_web_pf/μ΅°μ„ νΈν…” λ¨μ‘/josun/www.josunhotel.com/about/awards.html]
[C:/Users/na__l/Desktop/web_pf/sbs_web_pf/μ΅°μ„ νΈν…” λ¨μ‘/josun/www.josunhotel.com/about/accounts5b66.html]
[C:/Users/na__l/Desktop/web_pf/sbs_web_pf/μ΅°μ„ νΈν…” λ¨μ‘/josun/www.josunhotel.com/about/location.html]
[C:/Users/na__l/Desktop/web_pf/sbs_web_pf/μ΅°μ„ νΈν…” λ¨μ‘/josun/www.josunhotel.com/press/actReport5b66.html]
[C:/Users/na__l/Desktop/web_pf/sbs_web_pf/μ΅°μ„ νΈν…” λ¨μ‘/josun/www.josunhotel.com/revolution/content/img_visual_about04_011e7d.jpg;]
[C:/Users/na__l/Desktop/web_pf/sbs_web_pf/μ΅°μ„ νΈν…” λ¨μ‘/josun/www.josunhotel.com/revolution/content/img_about_11b8cb.jpg;]
[C:/Users/na__l/Desktop/web_pf/sbs_web_pf/μ΅°μ„ νΈν…” λ¨μ‘/josun/www.josunhotel.com/revolution/content/img_about_126666.jpg;]
[C:/Users/na__l/Desktop/web_pf/sbs_web_pf/μ΅°μ„ νΈν…” λ¨μ‘/josun/www.josunhotel.com/revolution/content/img_about_139819.jpg;]
[C:/Users/na__l/Desktop/web_pf/sbs_web_pf/μ΅°μ„ νΈν…” λ¨μ‘/josun/www.josunhotel.com/revolution/content/img_about_214cbb.jpg;]
[C:/Users/na__l/Desktop/web_pf/sbs_web_pf/μ΅°μ„ νΈν…” λ¨μ‘/josun/www.josunhotel.com/revolution/content/img_about_22e7bf.jpg;]
[C:/Users/na__l/Desktop/web_pf/sbs_web_pf/μ΅°μ„ νΈν…” λ¨μ‘/josun/www.josunhotel.com/revolution/content/img_about_31fc67.jpg;]
[C:/Users/na__l/Desktop/web_pf/sbs_web_pf/μ΅°μ„ νΈν…” λ¨μ‘/josun/www.josunhotel.com/revolution/content/img_about_32c344.jpg;]
[C:/Users/na__l/Desktop/web_pf/sbs_web_pf/μ΅°μ„ νΈν…” λ¨μ‘/josun/www.josunhotel.com/revolution/content/img_about_33cd95.jpg;]
[C:/Users/na__l/Desktop/web_pf/sbs_web_pf/μ΅°μ„ νΈν…” λ¨μ‘/josun/www.josunhotel.com/press/mainAct.html]
[C:/Users/na__l/Desktop/web_pf/sbs_web_pf/μ΅°μ„ νΈν…” λ¨μ‘/josun/www.josunhotel.com/revolution/content/img_logo_hotel099d97.gif;]
[C:/Users/na__l/Desktop/web_pf/sbs_web_pf/μ΅°μ„ νΈν…” λ¨μ‘/josun/www.josunhotel.com/revolution/content/img_logo_hotel038c3f.gif;]
[C:/Users/na__l/Desktop/web_pf/sbs_web_pf/μ΅°μ„ νΈν…” λ¨μ‘/josun/www.josunhotel.com/revolution/content/img_logo_hotel0482dd.gif;]
[C:/Users/na__l/Desktop/web_pf/sbs_web_pf/μ΅°μ„ νΈν…” λ¨μ‘/josun/www.josunhotel.com/revolution/content/img_logo_hotel012519.gif;]
[C:/Users/na__l/Desktop/web_pf/sbs_web_pf/μ΅°μ„ νΈν…” λ¨μ‘/josun/www.josunhotel.com/revolution/content/img_logo_hotel06d298.gif;]
[C:/Users/na__l/Desktop/web_pf/sbs_web_pf/μ΅°μ„ νΈν…” λ¨μ‘/josun/www.josunhotel.com/revolution/content/logo_lescape38eb.jpg;]
[C:/Users/na__l/Desktop/web_pf/sbs_web_pf/μ΅°μ„ νΈν…” λ¨μ‘/josun/www.josunhotel.com/revolution/content/·Ξ°νbc8c.gif;]
[C:/Users/na__l/Desktop/web_pf/sbs_web_pf/μ΅°μ„ νΈν…” λ¨μ‘/josun/www.josunhotel.com/revolution/content/img_logo_hotel05f251.gif;]
[C:/Users/na__l/Desktop/web_pf/sbs_web_pf/μ΅°μ„ νΈν…” λ¨μ‘/josun/www.josunhotel.com/revolution/content/img_logo_hotel087b7b.gif;]
[C:/Users/na__l/Desktop/web_pf/sbs_web_pf/μ΅°μ„ νΈν…” λ¨μ‘/josun/www.josunhotel.com/press/social.html]
[C:/Users/na__l/Desktop/web_pf/sbs_web_pf/μ΅°μ„ νΈν…” λ¨μ‘/josun/www.josunhotel.com/revolution/content/img_visual_about05_010414.jpg;]
[C:/Users/na__l/Desktop/web_pf/sbs_web_pf/μ΅°μ„ νΈν…” λ¨μ‘/josun/www.josunhotel.com/recruit/employment.html]
[C:/Users/na__l/Desktop/web_pf/sbs_web_pf/μ΅°μ„ νΈν…” λ¨μ‘/josun/www.josunhotel.com/revolution/content/img_visual_palaceecff.jpg;]
[C:/Users/na__l/Desktop/web_pf/sbs_web_pf/μ΅°μ„ νΈν…” λ¨μ‘/josun/www.josunhotel.com/revolution/content/1660x970 26770.jpg;]
[C:/Users/na__l/Desktop/web_pf/sbs_web_pf/μ΅°μ„ νΈν…” λ¨μ‘/josun/www.josunhotel.com/revolution/content/03_signature-experience_01142d.jpg;]
[C:/Users/na__l/Desktop/web_pf/sbs_web_pf/μ΅°μ„ νΈν…” λ¨μ‘/josun/www.josunhotel.com/revolution/content/03_signature-experience_023e12.jpg;]
[C:/Users/na__l/Desktop/web_pf/sbs_web_pf/μ΅°μ„ νΈν…” λ¨μ‘/josun/www.josunhotel.com/revolution/content/03_signature-experience_036f95.jpg;]
[C:/Users/na__l/Desktop/web_pf/sbs_web_pf/μ΅°μ„ νΈν…” λ¨μ‘/josun/www.josunhotel.com/revolution/content/03_signature-experience_04a7dc.jpg;]
[C:/Users/na__l/Desktop/web_pf/sbs_web_pf/μ΅°μ„ νΈν…” λ¨μ‘/josun/www.josunhotel.com/revolution/content/03_signature-experience_05756b.jpg;]
[C:/Users/na__l/Desktop/web_pf/sbs_web_pf/μ΅°μ„ νΈν…” λ¨μ‘/josun/www.josunhotel.com/hotel/JosunPalace.html]
[C:/Users/na__l/Desktop/web_pf/sbs_web_pf/μ΅°μ„ νΈν…” λ¨μ‘/josun/www.josunhotel.com/revolution/content/img_story_swchosun8959.jpg;]
[C:/Users/na__l/Desktop/web_pf/sbs_web_pf/μ΅°μ„ νΈν…” λ¨μ‘/josun/www.josunhotel.com/revolution/content/img_signature_swchosun013de6.jpg;]
[C:/Users/na__l/Desktop/web_pf/sbs_web_pf/μ΅°μ„ νΈν…” λ¨μ‘/josun/www.josunhotel.com/revolution/content/img_signature_swchosun02c9e1.jpg;]
[C:/Users/na__l/Desktop/web_pf/sbs_web_pf/μ΅°μ„ νΈν…” λ¨μ‘/josun/www.josunhotel.com/revolution/content/Ό­ΏοΏώ½ΊΖΎΑ¶Ό±_pc71c5.jpg;]
[C:/Users/na__l/Desktop/web_pf/sbs_web_pf/μ΅°μ„ νΈν…” λ¨μ‘/josun/www.josunhotel.com/hotel/westinSeoul.html]
[C:/Users/na__l/Desktop/web_pf/sbs_web_pf/μ΅°μ„ νΈν…” λ¨μ‘/josun/www.josunhotel.com/revolution/content/img_visual_bschosun7d4b.jpg;]
[C:/Users/na__l/Desktop/web_pf/sbs_web_pf/μ΅°μ„ νΈν…” λ¨μ‘/josun/www.josunhotel.com/revolution/content/Θ£ΕΪ½ΊΕδΈ®_ΊΞ»κΏώ½ΊΖΎΑ¶Ό±Θ£ΕΪ55cd.jpg;]
[C:/Users/na__l/Desktop/web_pf/sbs_web_pf/μ΅°μ„ νΈν…” λ¨μ‘/josun/www.josunhotel.com/revolution/content/img_signature_bschosun01d639.jpg;]
[C:/Users/na__l/Desktop/web_pf/sbs_web_pf/μ΅°μ„ νΈν…” λ¨μ‘/josun/www.josunhotel.com/revolution/content/img_signature_bschosun02887f.jpg;]
[C:/Users/na__l/Desktop/web_pf/sbs_web_pf/μ΅°μ„ νΈν…” λ¨μ‘/josun/www.josunhotel.com/revolution/content/img_signature_bschosun034854.jpg;]
[C:/Users/na__l/Desktop/web_pf/sbs_web_pf/μ΅°μ„ νΈν…” λ¨μ‘/josun/www.josunhotel.com/hotel/westinBusan.html]
[C:/Users/na__l/Desktop/web_pf/sbs_web_pf/μ΅°μ„ νΈν…” λ¨μ‘/josun/www.josunhotel.com/revolution/content/01_key visual0e12.jpg;]
[C:/Users/na__l/Desktop/web_pf/sbs_web_pf/μ΅°μ„ νΈν…” λ¨μ‘/josun/www.josunhotel.com/revolution/content/02_hotel storya047.jpg;]
[C:/Users/na__l/Desktop/web_pf/sbs_web_pf/μ΅°μ„ νΈν…” λ¨μ‘/josun/www.josunhotel.com/revolution/content/03_signature experience_01cb17.jpg;]
[C:/Users/na__l/Desktop/web_pf/sbs_web_pf/μ΅°μ„ νΈν…” λ¨μ‘/josun/www.josunhotel.com/revolution/content/03_signature experience_02b9a0.jpg;]
[C:/Users/na__l/Desktop/web_pf/sbs_web_pf/μ΅°μ„ νΈν…” λ¨μ‘/josun/www.josunhotel.com/revolution/content/03_signature experience_039ca0.jpg;]
[C:/Users/na__l/Desktop/web_pf/sbs_web_pf/μ΅°μ„ νΈν…” λ¨μ‘/josun/www.josunhotel.com/revolution/content/03_signature experience_044c94.jpg;]
[C:/Users/na__l/Desktop/web_pf/sbs_web_pf/μ΅°μ„ νΈν…” λ¨μ‘/josun/www.josunhotel.com/revolution/content/03_signature experience_052977.jpg;]
[C:/Users/na__l/Desktop/web_pf/sbs_web_pf/μ΅°μ„ νΈν…” λ¨μ‘/josun/www.josunhotel.com/hotel/grandBusan.html]
[C:/Users/na__l/Desktop/web_pf/sbs_web_pf/μ΅°μ„ νΈν…” λ¨μ‘/josun/www.josunhotel.com/revolution/content/Grand Josun Jeju_main_PC127e.jpg;]
[C:/Users/na__l/Desktop/web_pf/sbs_web_pf/μ΅°μ„ νΈν…” λ¨μ‘/josun/www.josunhotel.com/revolution/content/2.1_GrandJosunJeju_hotelstoryf8b2.jpg;]
[C:/Users/na__l/Desktop/web_pf/sbs_web_pf/μ΅°μ„ νΈν…” λ¨μ‘/josun/www.josunhotel.com/revolution/content/3.1_GrandJosunJeju_kidsprogramd672.jpg;]
[C:/Users/na__l/Desktop/web_pf/sbs_web_pf/μ΅°μ„ νΈν…” λ¨μ‘/josun/www.josunhotel.com/revolution/content/4_GrandJosunJeju_LendingLibrary1368.jpg;]
[C:/Users/na__l/Desktop/web_pf/sbs_web_pf/μ΅°μ„ νΈν…” λ¨μ‘/josun/www.josunhotel.com/revolution/content/5_GrandJosunJeju_HeavenlyPool7a85.jpg;]
[C:/Users/na__l/Desktop/web_pf/sbs_web_pf/μ΅°μ„ νΈν…” λ¨μ‘/josun/www.josunhotel.com/revolution/content/6.1_GrandjosunJeju_beddinga0b0.jpg;]
[C:/Users/na__l/Desktop/web_pf/sbs_web_pf/μ΅°μ„ νΈν…” λ¨μ‘/josun/www.josunhotel.com/hotel/grandJeju.html]
[C:/Users/na__l/Desktop/web_pf/sbs_web_pf/μ΅°μ„ νΈν…” λ¨μ‘/josun/www.josunhotel.com/revolution/content/7.1_GrandJosunJeju_themoment357c.jpg;]
[C:/Users/na__l/Desktop/web_pf/sbs_web_pf/μ΅°μ„ νΈν…” λ¨μ‘/josun/www.josunhotel.com/revolution/content/img_visual_escape (1)b70c.jpg;]
[C:/Users/na__l/Desktop/web_pf/sbs_web_pf/μ΅°μ„ νΈν…” λ¨μ‘/josun/www.josunhotel.com/revolution/content/img_story_escape8f19.jpg;]
[C:/Users/na__l/Desktop/web_pf/sbs_web_pf/μ΅°μ„ νΈν…” λ¨μ‘/josun/www.josunhotel.com/revolution/content/img_signature_escape01c4de.jpg;]
[C:/Users/na__l/Desktop/web_pf/sbs_web_pf/μ΅°μ„ νΈν…” λ¨μ‘/josun/www.josunhotel.com/revolution/content/img_signature_escape02447e.jpg;]
[C:/Users/na__l/Desktop/web_pf/sbs_web_pf/μ΅°μ„ νΈν…” λ¨μ‘/josun/www.josunhotel.com/revolution/content/img_signature_escape03efec.jpg;]
[C:/Users/na__l/Desktop/web_pf/sbs_web_pf/μ΅°μ„ νΈν…” λ¨μ‘/josun/www.josunhotel.com/revolution/content/img_signature_escape040bac.jpg;]
[C:/Users/na__l/Desktop/web_pf/sbs_web_pf/μ΅°μ„ νΈν…” λ¨μ‘/josun/www.josunhotel.com/revolution/content/img_signature_escape05b581.jpg;]
[C:/Users/na__l/Desktop/web_pf/sbs_web_pf/μ΅°μ„ νΈν…” λ¨μ‘/josun/www.josunhotel.com/hotel/lescape.html]
[C:/Users/na__l/Desktop/web_pf/sbs_web_pf/μ΅°μ„ νΈν…” λ¨μ‘/josun/www.josunhotel.com/revolution/content/img_signature_escape06998e.jpg;]
[C:/Users/na__l/Desktop/web_pf/sbs_web_pf/μ΅°μ„ νΈν…” λ¨μ‘/josun/www.josunhotel.com/revolution/content/1. GVP-MAINb8ee.jpg;]
[C:/Users/na__l/Desktop/web_pf/sbs_web_pf/μ΅°μ„ νΈν…” λ¨μ‘/josun/www.josunhotel.com/revolution/content/GVP-Hotel-Storyad95.jpg;]
[C:/Users/na__l/Desktop/web_pf/sbs_web_pf/μ΅°μ„ νΈν…” λ¨μ‘/josun/www.josunhotel.com/revolution/content/3_Gravityhotel_Awaken207c4d.jpg;]
[C:/Users/na__l/Desktop/web_pf/sbs_web_pf/μ΅°μ„ νΈν…” λ¨μ‘/josun/www.josunhotel.com/revolution/content/4_Gravityhotel_GravityTimea298.jpg;]
[C:/Users/na__l/Desktop/web_pf/sbs_web_pf/μ΅°μ„ νΈν…” λ¨μ‘/josun/www.josunhotel.com/revolution/content/5_Gravityhotel_GravityTribe35c5.jpg;]
[C:/Users/na__l/Desktop/web_pf/sbs_web_pf/μ΅°μ„ νΈν…” λ¨μ‘/josun/www.josunhotel.com/revolution/content/6_Gravityhotel_Zerovityb38a.jpg;]
[C:/Users/na__l/Desktop/web_pf/sbs_web_pf/μ΅°μ„ νΈν…” λ¨μ‘/josun/www.josunhotel.com/revolution/content/7_Gravityhotel_Ώώµωf558.jpg;]
[C:/Users/na__l/Desktop/web_pf/sbs_web_pf/μ΅°μ„ νΈν…” λ¨μ‘/josun/www.josunhotel.com/hotel/pangyo.html]
[C:/Users/na__l/Desktop/web_pf/sbs_web_pf/μ΅°μ„ νΈν…” λ¨μ‘/josun/www.josunhotel.com/revolution/content/img_visual_ppseoul2fc1.jpg;]
[C:/Users/na__l/Desktop/web_pf/sbs_web_pf/μ΅°μ„ νΈν…” λ¨μ‘/josun/www.josunhotel.com/revolution/content/img_story_ppseoulb5a4.jpg;]
[C:/Users/na__l/Desktop/web_pf/sbs_web_pf/μ΅°μ„ νΈν…” λ¨μ‘/josun/www.josunhotel.com/revolution/content/img_signature_ppseoul01c5df.jpg;]
[C:/Users/na__l/Desktop/web_pf/sbs_web_pf/μ΅°μ„ νΈν…” λ¨μ‘/josun/www.josunhotel.com/revolution/content/img_signature_ppseoul025ac5.jpg;]
[C:/Users/na__l/Desktop/web_pf/sbs_web_pf/μ΅°μ„ νΈν…” λ¨μ‘/josun/www.josunhotel.com/revolution/content/img_signature_ppseoul03e95d.jpg;]
[C:/Users/na__l/Desktop/web_pf/sbs_web_pf/μ΅°μ„ νΈν…” λ¨μ‘/josun/www.josunhotel.com/hotel/fpbsSeoul.html]
[C:/Users/na__l/Desktop/web_pf/sbs_web_pf/μ΅°μ„ νΈν…” λ¨μ‘/josun/www.josunhotel.com/revolution/content/img_signature_ppseoul049926.jpg;]
[C:/Users/na__l/Desktop/web_pf/sbs_web_pf/μ΅°μ„ νΈν…” λ¨μ‘/josun/www.josunhotel.com/revolution/content/Exterior_Night 2_main1551.jpg;]
[C:/Users/na__l/Desktop/web_pf/sbs_web_pf/μ΅°μ„ νΈν…” λ¨μ‘/josun/www.josunhotel.com/revolution/content/2_FourPointsMyeongdong_hotelstory2f3e.jpg;]
[C:/Users/na__l/Desktop/web_pf/sbs_web_pf/μ΅°μ„ νΈν…” λ¨μ‘/josun/www.josunhotel.com/revolution/content/3_FourPointsMyeongdong_Evolution7925.jpg;]
[C:/Users/na__l/Desktop/web_pf/sbs_web_pf/μ΅°μ„ νΈν…” λ¨μ‘/josun/www.josunhotel.com/revolution/content/4_FourPointsMyeongdong_Lounge&Bar7a15.jpg;]
[C:/Users/na__l/Desktop/web_pf/sbs_web_pf/μ΅°μ„ νΈν…” λ¨μ‘/josun/www.josunhotel.com/revolution/content/5_FourPointsMyeongdong_meetingroom05e9.jpg;]
[C:/Users/na__l/Desktop/web_pf/sbs_web_pf/μ΅°μ„ νΈν…” λ¨μ‘/josun/www.josunhotel.com/revolution/content/6.1_FourPointsMyeongdong_businesscenter3f7f.jpg;]
[C:/Users/na__l/Desktop/web_pf/sbs_web_pf/μ΅°μ„ νΈν…” λ¨μ‘/josun/www.josunhotel.com/hotel/fpbsMyeongdong.html]
[C:/Users/na__l/Desktop/web_pf/sbs_web_pf/μ΅°μ„ νΈν…” λ¨μ‘/josun/www.josunhotel.com/revolution/content/img_visual_parasparaf5ce.jpg;]
[C:/Users/na__l/Desktop/web_pf/sbs_web_pf/μ΅°μ„ νΈν…” λ¨μ‘/josun/www.josunhotel.com/revolution/content/img_story_paraspara1f08e.jpg;]
[C:/Users/na__l/Desktop/web_pf/sbs_web_pf/μ΅°μ„ νΈν…” λ¨μ‘/josun/www.josunhotel.com/revolution/content/03_signature-experience_01a28e.jpg;]
[C:/Users/na__l/Desktop/web_pf/sbs_web_pf/μ΅°μ„ νΈν…” λ¨μ‘/josun/www.josunhotel.com/revolution/content/03_signature-experience_026953.jpg;]
[C:/Users/na__l/Desktop/web_pf/sbs_web_pf/μ΅°μ„ νΈν…” λ¨μ‘/josun/www.josunhotel.com/revolution/content/03_signature-experience_03b04c.jpg;]
[C:/Users/na__l/Desktop/web_pf/sbs_web_pf/μ΅°μ„ νΈν…” λ¨μ‘/josun/www.josunhotel.com/revolution/content/03_signature-experience_04c832.jpg;]
[C:/Users/na__l/Desktop/web_pf/sbs_web_pf/μ΅°μ„ νΈν…” λ¨μ‘/josun/www.josunhotel.com/hotel/parasparaSeoul.html]
[C:/Users/na__l/Desktop/web_pf/sbs_web_pf/μ΅°μ„ νΈν…” λ¨μ‘/josun/www.josunhotel.com/util/file/Have a GRAVITY Day-½ζ³ΧΐΟff2a.jpg;]
[C:/Users/na__l/Desktop/web_pf/sbs_web_pf/μ΅°μ„ νΈν…” λ¨μ‘/josun/www.josunhotel.com/util/file/°άΏοΖΠΕ°Αφ+Dear+My+Anne_680+x+470413c.jpg;]
[C:/Users/na__l/Desktop/web_pf/sbs_web_pf/μ΅°μ„ νΈν…” λ¨μ‘/josun/www.josunhotel.com/util/file/Dear My Josun Junior 6804707b2c.jpg;]
[C:/Users/na__l/Desktop/web_pf/sbs_web_pf/μ΅°μ„ νΈν…” λ¨μ‘/josun/www.josunhotel.com/util/file/680 4702d50.jpg;]
[C:/Users/na__l/Desktop/web_pf/sbs_web_pf/μ΅°μ„ νΈν…” λ¨μ‘/josun/www.josunhotel.com/util/file/½ΊΕΈΉχ½ΊΖΠΕ°Αφ_680x470921a.jpg;]
[C:/Users/na__l/Desktop/web_pf/sbs_web_pf/μ΅°μ„ νΈν…” λ¨μ‘/josun/www.josunhotel.com/util/file/·Ή½ΊΔΙΐΜΗΑ _ Ζκ ΖΠΕ°Αφ _ ΐΜΉΜΑφ _ ΈήΐΞ (Ώλ·® ΓΰΌ)b904.jpg;]
[C:/Users/na__l/Desktop/web_pf/sbs_web_pf/μ΅°μ„ νΈν…” λ¨μ‘/josun/www.josunhotel.com/util/file/JOYFUL 30 6804703957.jpg;]
[C:/Users/na__l/Desktop/web_pf/sbs_web_pf/μ΅°μ„ νΈν…” λ¨μ‘/josun/www.josunhotel.com/util/file/681b294.jpg;]
[C:/Users/na__l/Desktop/web_pf/sbs_web_pf/μ΅°μ„ νΈν…” λ¨μ‘/josun/www.josunhotel.com/util/file/680 47076ed.jpg;]
[C:/Users/na__l/Desktop/web_pf/sbs_web_pf/μ΅°μ„ νΈν…” λ¨μ‘/josun/www.josunhotel.com/util/file/680077e.jpg;]
[C:/Users/na__l/Desktop/web_pf/sbs_web_pf/μ΅°μ„ νΈν…” λ¨μ‘/josun/www.josunhotel.com/package/list.html]
[C:/Users/na__l/Desktop/web_pf/sbs_web_pf/μ΅°μ„ νΈν…” λ¨μ‘/josun/www.josunhotel.com/util/file/Ί―Θ―Α¶Ό±µ¨Έ® Ε©Έ®½ΊΈ¶½Ί ΔΙΐΜΕ©a218.jpg;]
[C:/Users/na__l/Desktop/web_pf/sbs_web_pf/μ΅°μ„ νΈν…” λ¨μ‘/josun/www.josunhotel.com/util/file/______ ______5541.jpg;]
[C:/Users/na__l/Desktop/web_pf/sbs_web_pf/μ΅°μ„ νΈν…” λ¨μ‘/josun/www.josunhotel.com/util/file/______a5c0.jpg;]
[C:/Users/na__l/Desktop/web_pf/sbs_web_pf/μ΅°μ„ νΈν…” λ¨μ‘/josun/www.josunhotel.com/util/file/pc thum 680x470264d.jpg;]
[C:/Users/na__l/Desktop/web_pf/sbs_web_pf/μ΅°μ„ νΈν…” λ¨μ‘/josun/www.josunhotel.com/util/file/680 470b11b.jpg;]
[C:/Users/na__l/Desktop/web_pf/sbs_web_pf/μ΅°μ„ νΈν…” λ¨μ‘/josun/www.josunhotel.com/util/file/680 4702688.png;]
[C:/Users/na__l/Desktop/web_pf/sbs_web_pf/μ΅°μ„ νΈν…” λ¨μ‘/josun/www.josunhotel.com/util/file/______76d0.jpg;]
[C:/Users/na__l/Desktop/web_pf/sbs_web_pf/μ΅°μ„ νΈν…” λ¨μ‘/josun/www.josunhotel.com/util/file/Ί―Θ―_Turkey_Takeoutc526.jpg;]
[C:/Users/na__l/Desktop/web_pf/sbs_web_pf/μ΅°μ„ νΈν…” λ¨μ‘/josun/www.josunhotel.com/util/file/josunpalace_deli_christmas_special_cake_6808f05.png;]
[C:/Users/na__l/Desktop/web_pf/sbs_web_pf/μ΅°μ„ νΈν…” λ¨μ‘/josun/www.josunhotel.com/util/file/SC ½Ε±Τ Δ«ΏξΕΝ ·£΄υΈµ (½ζ³ΧΐΟ)29c2.jpg;]
[C:/Users/na__l/Desktop/web_pf/sbs_web_pf/μ΅°μ„ νΈν…” λ¨μ‘/josun/www.josunhotel.com/event/list.html]
[C:/Users/na__l/Desktop/web_pf/sbs_web_pf/μ΅°μ„ νΈν…” λ¨μ‘/josun/josunhotel.com/upload_file/event/image/Dear_My_Anne_WJB_PC.jpg]
[C:/Users/na__l/Desktop/web_pf/sbs_web_pf/μ΅°μ„ νΈν…” λ¨μ‘/josun/josunhotel.com/upload_file/event/image/Dear_My_Anne_WJS_PC.jpg]
[C:/Users/na__l/Desktop/web_pf/sbs_web_pf/μ΅°μ„ νΈν…” λ¨μ‘/josun/josunhotel.com/upload_file/event/image/Dear_My_Anne_FFS_PC.jpg]
[C:/Users/na__l/Desktop/web_pf/sbs_web_pf/μ΅°μ„ νΈν…” λ¨μ‘/josun/josunhotel.com/upload_file/event/image/Dear_My_Anne_FFM_PC.jpg]
[C:/Users/na__l/Desktop/web_pf/sbs_web_pf/μ΅°μ„ νΈν…” λ¨μ‘/josun/www.josunhotel.com/massPromotion/list.html]
[C:/Users/na__l/Desktop/web_pf/sbs_web_pf/μ΅°μ„ νΈν…” λ¨μ‘/josun/www.josunhotel.com/revolution/content/img_membership-premiera41a.png;]
[C:/Users/na__l/Desktop/web_pf/sbs_web_pf/μ΅°μ„ νΈν…” λ¨μ‘/josun/www.josunhotel.com/revolution/content/img_membership-goldce0a.png;]
[C:/Users/na__l/Desktop/web_pf/sbs_web_pf/μ΅°μ„ νΈν…” λ¨μ‘/josun/www.josunhotel.com/revolution/content/img_membership-platinumd537.png;]
[C:/Users/na__l/Desktop/web_pf/sbs_web_pf/μ΅°μ„ νΈν…” λ¨μ‘/josun/www.josunhotel.com/revolution/content/img_membership-blackff9b.png;]
[C:/Users/na__l/Desktop/web_pf/sbs_web_pf/μ΅°μ„ νΈν…” λ¨μ‘/josun/www.josunhotel.com/membership/product.html]
[C:/Users/na__l/Desktop/web_pf/sbs_web_pf/μ΅°μ„ νΈν…” λ¨μ‘/josun/www.josunhotel.com/membership/event5b66.html]
[C:/Users/na__l/Desktop/web_pf/sbs_web_pf/μ΅°μ„ νΈν…” λ¨μ‘/josun/www.josunhotel.com/membership/news5b66.html]
[C:/Users/na__l/Desktop/web_pf/sbs_web_pf/μ΅°μ„ νΈν…” λ¨μ‘/josun/www.josunhotel.com/login/loginForm1a3b.html]
[C:/Users/na__l/Desktop/web_pf/sbs_web_pf/μ΅°μ„ νΈν…” λ¨μ‘/josun/www.josunhotel.com/login/loginForm9bc8.html]
[C:/Users/na__l/Desktop/web_pf/sbs_web_pf/μ΅°μ„ νΈν…” λ¨μ‘/josun/www.josunhotel.com/login/loginFormeba1.html]
[C:/Users/na__l/Desktop/web_pf/sbs_web_pf/μ΅°μ„ νΈν…” λ¨μ‘/josun/www.josunhotel.com/login/loginFormdcb5.html]
[C:/Users/na__l/Desktop/web_pf/sbs_web_pf/μ΅°μ„ νΈν…” λ¨μ‘/josun/www.josunhotel.com/login/loginForm0c70.html]
[C:/Users/na__l/Desktop/web_pf/sbs_web_pf/μ΅°μ„ νΈν…” λ¨μ‘/josun/www.josunhotel.com/login/loginForm61ca.html]
[C:/Users/na__l/Desktop/web_pf/sbs_web_pf/μ΅°μ„ νΈν…” λ¨μ‘/josun/www.josunhotel.com/login/loginForm0de8.html]
[C:/Users/na__l/Desktop/web_pf/sbs_web_pf/μ΅°μ„ νΈν…” λ¨μ‘/josun/www.josunhotel.com/revolution/content/homuran_kv_pc3ce5.jpg;]
[C:/Users/na__l/Desktop/web_pf/sbs_web_pf/μ΅°μ„ νΈν…” λ¨μ‘/josun/www.josunhotel.com/revolution/content/homuran1edf5.jpg;]
[C:/Users/na__l/Desktop/web_pf/sbs_web_pf/μ΅°μ„ νΈν…” λ¨μ‘/josun/www.josunhotel.com/revolution/content/homuran296ea.jpg;]
[C:/Users/na__l/Desktop/web_pf/sbs_web_pf/μ΅°μ„ νΈν…” λ¨μ‘/josun/www.josunhotel.com/revolution/content/homuran37184.jpg;]
[C:/Users/na__l/Desktop/web_pf/sbs_web_pf/μ΅°μ„ νΈν…” λ¨μ‘/josun/www.josunhotel.com/revolution/content/homuran4039d.jpg;]
[C:/Users/na__l/Desktop/web_pf/sbs_web_pf/μ΅°μ„ νΈν…” λ¨μ‘/josun/www.josunhotel.com/revolution/content/homuran5c15c.jpg;]
[C:/Users/na__l/Desktop/web_pf/sbs_web_pf/μ΅°μ„ νΈν…” λ¨μ‘/josun/www.josunhotel.com/revolution/content/homuran671df.jpg;]
[C:/Users/na__l/Desktop/web_pf/sbs_web_pf/μ΅°μ„ νΈν…” λ¨μ‘/josun/www.josunhotel.com/revolution/js/bw.lab.alphanumeric-1.0.js]
[C:/Users/na__l/Desktop/web_pf/sbs_web_pf/μ΅°μ„ νΈν…” λ¨μ‘/josun/www.josunhotel.com/retail/homurang.html]
[C:/Users/na__l/Desktop/web_pf/sbs_web_pf/μ΅°μ„ νΈν…” λ¨μ‘/josun/www.josunhotel.com/revolution/js/bw.lab.money-1.0.js]
[C:/Users/na__l/Desktop/web_pf/sbs_web_pf/μ΅°μ„ νΈν…” λ¨μ‘/josun/www.josunhotel.com/revolution/content/Θ£°ζΐό_kv_pc3445.jpg;]
[C:/Users/na__l/Desktop/web_pf/sbs_web_pf/μ΅°μ„ νΈν…” λ¨μ‘/josun/www.josunhotel.com/revolution/content/Θ£°ζΐό(Ί»Α΅)-Ευ½Γµµ08ec.png;]
[C:/Users/na__l/Desktop/web_pf/sbs_web_pf/μ΅°μ„ νΈν…” λ¨μ‘/josun/www.josunhotel.com/revolution/content/Θ£°ζΐό(°­³²)-Ευ½Γµµ0739.png;]
[C:/Users/na__l/Desktop/web_pf/sbs_web_pf/μ΅°μ„ νΈν…” λ¨μ‘/josun/www.josunhotel.com/retail/hokyungjeon.html]
[C:/Users/na__l/Desktop/web_pf/sbs_web_pf/μ΅°μ„ νΈν…” λ¨μ‘/josun/www.josunhotel.com/revolution/content/jajutable_kv_pc99e2.jpg;]
[C:/Users/na__l/Desktop/web_pf/sbs_web_pf/μ΅°μ„ νΈν…” λ¨μ‘/josun/www.josunhotel.com/revolution/content/jajutable103a5.jpg;]
[C:/Users/na__l/Desktop/web_pf/sbs_web_pf/μ΅°μ„ νΈν…” λ¨μ‘/josun/www.josunhotel.com/revolution/content/jajutable24089.jpg;]
[C:/Users/na__l/Desktop/web_pf/sbs_web_pf/μ΅°μ„ νΈν…” λ¨μ‘/josun/www.josunhotel.com/revolution/content/jajutable34e9f.jpg;]
[C:/Users/na__l/Desktop/web_pf/sbs_web_pf/μ΅°μ„ νΈν…” λ¨μ‘/josun/www.josunhotel.com/revolution/content/jajutable49715.jpg;]
[C:/Users/na__l/Desktop/web_pf/sbs_web_pf/μ΅°μ„ νΈν…” λ¨μ‘/josun/www.josunhotel.com/revolution/content/jajutable597cc.jpg;]
[C:/Users/na__l/Desktop/web_pf/sbs_web_pf/μ΅°μ„ νΈν…” λ¨μ‘/josun/www.josunhotel.com/revolution/content/jajutable61abf.jpg;]
[C:/Users/na__l/Desktop/web_pf/sbs_web_pf/μ΅°μ„ νΈν…” λ¨μ‘/josun/www.josunhotel.com/retail/jaju.html]
[C:/Users/na__l/Desktop/web_pf/sbs_web_pf/μ΅°μ„ νΈν…” λ¨μ‘/josun/www.josunhotel.com/revolution/content/josun_kimchi_kv_pcb3c4.jpg;]
[C:/Users/na__l/Desktop/web_pf/sbs_web_pf/μ΅°μ„ νΈν…” λ¨μ‘/josun/www.josunhotel.com/revolution/content/josun_kimchi_010efb.jpg;]
[C:/Users/na__l/Desktop/web_pf/sbs_web_pf/μ΅°μ„ νΈν…” λ¨μ‘/josun/www.josunhotel.com/revolution/content/josun_kimchi_026aed.jpg;]
[C:/Users/na__l/Desktop/web_pf/sbs_web_pf/μ΅°μ„ νΈν…” λ¨μ‘/josun/www.josunhotel.com/product/kimchi.html]
[C:/Users/na__l/Desktop/web_pf/sbs_web_pf/μ΅°μ„ νΈν…” λ¨μ‘/josun/www.josunhotel.com/revolution/content/janepacker_kv_pc889b.jpg;]
[C:/Users/na__l/Desktop/web_pf/sbs_web_pf/μ΅°μ„ νΈν…” λ¨μ‘/josun/www.josunhotel.com/revolution/content/janepacker_01d868.jpg;]
[C:/Users/na__l/Desktop/web_pf/sbs_web_pf/μ΅°μ„ νΈν…” λ¨μ‘/josun/www.josunhotel.com/revolution/content/janepacker_02bc61.jpg;]
[C:/Users/na__l/Desktop/web_pf/sbs_web_pf/μ΅°μ„ νΈν…” λ¨μ‘/josun/www.josunhotel.com/revolution/content/janepacker_03fad2.jpg;]
[C:/Users/na__l/Desktop/web_pf/sbs_web_pf/μ΅°μ„ νΈν…” λ¨μ‘/josun/www.josunhotel.com/revolution/content/janepacker_04d030.jpg;]
[C:/Users/na__l/Desktop/web_pf/sbs_web_pf/μ΅°μ„ νΈν…” λ¨μ‘/josun/www.josunhotel.com/revolution/content/janepacker_053d6d.jpg;]
[C:/Users/na__l/Desktop/web_pf/sbs_web_pf/μ΅°μ„ νΈν…” λ¨μ‘/josun/www.josunhotel.com/revolution/content/janepacker_067fbd.jpg;]
[C:/Users/na__l/Desktop/web_pf/sbs_web_pf/μ΅°μ„ νΈν…” λ¨μ‘/josun/www.josunhotel.com/revolution/content/janepacker_aniversary2450.jpg;]
[C:/Users/na__l/Desktop/web_pf/sbs_web_pf/μ΅°μ„ νΈν…” λ¨μ‘/josun/www.josunhotel.com/revolution/content/janepacker_party3a58.jpg;]
[C:/Users/na__l/Desktop/web_pf/sbs_web_pf/μ΅°μ„ νΈν…” λ¨μ‘/josun/www.josunhotel.com/revolution/content/janepacker_bizb4c8.jpg;]
[C:/Users/na__l/Desktop/web_pf/sbs_web_pf/μ΅°μ„ νΈν…” λ¨μ‘/josun/www.josunhotel.com/revolution/content/janepacker_bridalba56.jpg;]
[C:/Users/na__l/Desktop/web_pf/sbs_web_pf/μ΅°μ„ νΈν…” λ¨μ‘/josun/www.josunhotel.com/product/janePacker.html]
[C:/Users/na__l/Desktop/web_pf/sbs_web_pf/μ΅°μ„ νΈν…” λ¨μ‘/josun/www.josunhotel.com/revolution/content/kyukmul_kv_pc8470.jpg;]
[C:/Users/na__l/Desktop/web_pf/sbs_web_pf/μ΅°μ„ νΈν…” λ¨μ‘/josun/www.josunhotel.com/revolution/content/kyukmulgongboo7b95.jpg;]
[C:/Users/na__l/Desktop/web_pf/sbs_web_pf/μ΅°μ„ νΈν…” λ¨μ‘/josun/www.josunhotel.com/product/kyukmul.html]
[C:/Users/na__l/Desktop/web_pf/sbs_web_pf/μ΅°μ„ νΈν…” λ¨μ‘/josun/www.josunhotel.com/revolution/content/kyukmulgongboo18fe8.jpg;]
[C:/Users/na__l/Desktop/web_pf/sbs_web_pf/μ΅°μ„ νΈν…” λ¨μ‘/josun/www.josunhotel.com/revolution/content/stastetower_kv_pceae7.jpg;]
[C:/Users/na__l/Desktop/web_pf/sbs_web_pf/μ΅°μ„ νΈν…” λ¨μ‘/josun/www.josunhotel.com/revolution/content/statetower1c4fc.jpg;]
[C:/Users/na__l/Desktop/web_pf/sbs_web_pf/μ΅°μ„ νΈν…” λ¨μ‘/josun/www.josunhotel.com/revolution/content/statetower2930c.jpg;]
[C:/Users/na__l/Desktop/web_pf/sbs_web_pf/μ΅°μ„ νΈν…” λ¨μ‘/josun/www.josunhotel.com/revolution/content/statetower314dd.jpg;]
[C:/Users/na__l/Desktop/web_pf/sbs_web_pf/μ΅°μ„ νΈν…” λ¨μ‘/josun/www.josunhotel.com/revolution/content/statetower41ecb.jpg;]
[C:/Users/na__l/Desktop/web_pf/sbs_web_pf/μ΅°μ„ νΈν…” λ¨μ‘/josun/www.josunhotel.com/revolution/content/statetower675a6.jpg;]
[C:/Users/na__l/Desktop/web_pf/sbs_web_pf/μ΅°μ„ νΈν…” λ¨μ‘/josun/www.josunhotel.com/office/stateTower.html]
[C:/Users/na__l/Desktop/web_pf/sbs_web_pf/μ΅°μ„ νΈν…” λ¨μ‘/josun/www.josunhotel.com/revolution/content/centerfield_kv_pc79f6.jpg;]
[C:/Users/na__l/Desktop/web_pf/sbs_web_pf/μ΅°μ„ νΈν…” λ¨μ‘/josun/www.josunhotel.com/revolution/content/centerfield18dc4.jpg;]
[C:/Users/na__l/Desktop/web_pf/sbs_web_pf/μ΅°μ„ νΈν…” λ¨μ‘/josun/www.josunhotel.com/office/centerfield.html]
[C:/Users/na__l/Desktop/web_pf/sbs_web_pf/μ΅°μ„ νΈν…” λ¨μ‘/josun/www.josunhotel.com/static/home/js/ko/pc/jquery.form.js]
[C:/Users/na__l/Desktop/web_pf/sbs_web_pf/μ΅°μ„ νΈν…” λ¨μ‘/josun/www.josunhotel.com/voc/cstmrOpinionForm.html]
[C:/Users/na__l/Desktop/web_pf/sbs_web_pf/μ΅°μ„ νΈν…” λ¨μ‘/josun/www.josunhotel.com/customer/faq5b66.html]
[C:/Users/na__l/Desktop/web_pf/sbs_web_pf/μ΅°μ„ νΈν…” λ¨μ‘/josun/www.josunhotel.com/customer/giftCard.html]
[C:/Users/na__l/Desktop/web_pf/sbs_web_pf/μ΅°μ„ νΈν…” λ¨μ‘/josun/www.josunhotel.com/login/loginForm.html]
[C:/Users/na__l/Desktop/web_pf/sbs_web_pf/μ΅°μ„ νΈν…” λ¨μ‘/josun/www.josunhotel.com/identify/identifyIntro.html]
[C:/Users/na__l/Desktop/web_pf/sbs_web_pf/μ΅°μ„ νΈν…” λ¨μ‘/josun/www.josunhotel.com/login/noMbrLoginForm.html]
[C:/Users/na__l/Desktop/web_pf/sbs_web_pf/μ΅°μ„ νΈν…” λ¨μ‘/josun/www.josunhotel.com/resve/room/step0.html]
[C:/Users/na__l/Desktop/web_pf/sbs_web_pf/μ΅°μ„ νΈν…” λ¨μ‘/josun/www.josunhotel.com/resve/dining/resveForm.html]
[C:/Users/na__l/Desktop/web_pf/sbs_web_pf/μ΅°μ„ νΈν…” λ¨μ‘/josun/www.josunhotel.com/util/file/1. Ariadf82.png;]
[C:/Users/na__l/Desktop/web_pf/sbs_web_pf/μ΅°μ„ νΈν…” λ¨μ‘/josun/www.josunhotel.com/util/ppup/20200820204647_27af5d4a-0c3b-4e2a-93ec-503af030f542_PNG;05cb]
[C:/Users/na__l/Desktop/web_pf/sbs_web_pf/μ΅°μ„ νΈν…” λ¨μ‘/josun/www.josunhotel.com/util/ppup/20200820204830_6aae485a-7100-4a9b-89f1-7b6ea47935be_PNG;0501]
[C:/Users/na__l/Desktop/web_pf/sbs_web_pf/μ΅°μ„ νΈν…” λ¨μ‘/josun/www.josunhotel.com/util/ppup/20200820204942_7a33b0b0-87ce-4630-b285-df4530d6cd95_PNG;f7a1]
[C:/Users/na__l/Desktop/web_pf/sbs_web_pf/μ΅°μ„ νΈν…” λ¨μ‘/josun/www.josunhotel.com/util/ppup/20200820205032_c4a14f47-2dfc-4de4-9c14-ba28a6f0aff4_PNG;f7eb]
[C:/Users/na__l/Desktop/web_pf/sbs_web_pf/μ΅°μ„ νΈν…” λ¨μ‘/josun/www.josunhotel.com/press/actReportd668.html]
[C:/Users/na__l/Desktop/web_pf/sbs_web_pf/μ΅°μ„ νΈν…” λ¨μ‘/josun/www.josunhotel.com/util/file/°άΏοΖΠΕ°Αφ Dear My Anne_1920x9004f9b.jpg;]
[C:/Users/na__l/Desktop/web_pf/sbs_web_pf/μ΅°μ„ νΈν…” λ¨μ‘/josun/www.josunhotel.com/util/file/Fall+in+Record_Early+bird7131.jpg;]
[C:/Users/na__l/Desktop/web_pf/sbs_web_pf/μ΅°μ„ νΈν…” λ¨μ‘/josun/www.josunhotel.com/util/file/»΅°­ΈΣΈ®ΎΨ Ε°ΖΡ Έή½ΓΑφΔ«µε 2_°΅·ΞΔΖ 720 x 5003722.jpg;]
[C:/Users/na__l/Desktop/web_pf/sbs_web_pf/μ΅°μ„ νΈν…” λ¨μ‘/josun/www.josunhotel.com/util/file/°άΏοΖΠΕ°Αφ Dear My Anne_΄ΩΐΜΎξΈ®_720x5000999.jpg;]
[C:/Users/na__l/Desktop/web_pf/sbs_web_pf/μ΅°μ„ νΈν…” λ¨μ‘/josun/www.josunhotel.com/util/file/°άΏοΖΠΕ°Αφ Dear My Anne_ΖΔΐΪΈ¶_720 x 5001fcf.jpg;]
[C:/Users/na__l/Desktop/web_pf/sbs_web_pf/μ΅°μ„ νΈν…” λ¨μ‘/josun/www.josunhotel.com/util/file/°άΏοΖΠΕ°Αφ Dear My Anne_ΎΦΗΑΕΝ΄«ΖΌ_720 x 500964c.jpg;]
[C:/Users/na__l/Desktop/web_pf/sbs_web_pf/μ΅°μ„ νΈν…” λ¨μ‘/josun/www.josunhotel.com/util/file/ΈβΉφ½Κ+Δ«µε+ΐΜΉΜΑφ4fec.jpg;]
[C:/Users/na__l/Desktop/web_pf/sbs_web_pf/μ΅°μ„ νΈν…” λ¨μ‘/josun/www.josunhotel.com/util/file/All Day Dining PKG_Thumbnail1692.jpg;]
[C:/Users/na__l/Desktop/web_pf/sbs_web_pf/μ΅°μ„ νΈν…” λ¨μ‘/josun/www.josunhotel.com/package/get4341.html]
[C:/Users/na__l/Desktop/web_pf/sbs_web_pf/μ΅°μ„ νΈν…” λ¨μ‘/josun/www.josunhotel.com/util/file/ΈήΐΞ_ΐϊΐΫ±Η8f19.jpg;]
[C:/Users/na__l/Desktop/web_pf/sbs_web_pf/μ΅°μ„ νΈν…” λ¨μ‘/josun/www.josunhotel.com/util/file/dd396.jpg;]
[C:/Users/na__l/Desktop/web_pf/sbs_web_pf/μ΅°μ„ νΈν…” λ¨μ‘/josun/www.josunhotel.com/util/file/h_benefit308b9.jpg;]
[C:/Users/na__l/Desktop/web_pf/sbs_web_pf/μ΅°μ„ νΈν…” λ¨μ‘/josun/www.josunhotel.com/util/file/at20eb.jpg;]
[C:/Users/na__l/Desktop/web_pf/sbs_web_pf/μ΅°μ„ νΈν…” λ¨μ‘/josun/www.josunhotel.com/util/file/br18ca.jpg;]
[C:/Users/na__l/Desktop/web_pf/sbs_web_pf/μ΅°μ„ νΈν…” λ¨μ‘/josun/www.josunhotel.com/util/file/cl2fc2.jpg;]
[C:/Users/na__l/Desktop/web_pf/sbs_web_pf/μ΅°μ„ νΈν…” λ¨μ‘/josun/www.josunhotel.com/util/file/bac3415.jpg;]
[C:/Users/na__l/Desktop/web_pf/sbs_web_pf/μ΅°μ„ νΈν…” λ¨μ‘/josun/www.josunhotel.com/util/file/ΗύΕΓ5941.jpg;]
[C:/Users/na__l/Desktop/web_pf/sbs_web_pf/μ΅°μ„ νΈν…” λ¨μ‘/josun/www.josunhotel.com/util/file/ΐΞ½ΊΕΈ±Χ·¥ ΖΘ·ΞΏμd653.jpg;]
[C:/Users/na__l/Desktop/web_pf/sbs_web_pf/μ΅°μ„ νΈν…” λ¨μ‘/josun/www.josunhotel.com/package/get7995.html]
[C:/Users/na__l/Desktop/web_pf/sbs_web_pf/μ΅°μ„ νΈν…” λ¨μ‘/josun/www.josunhotel.com/util/file/FPM_1920x9002be4.jpg;]
[C:/Users/na__l/Desktop/web_pf/sbs_web_pf/μ΅°μ„ νΈν…” λ¨μ‘/josun/www.josunhotel.com/util/file/FPM_720x500d0e8.jpg;]
[C:/Users/na__l/Desktop/web_pf/sbs_web_pf/μ΅°μ„ νΈν…” λ¨μ‘/josun/www.josunhotel.com/package/get5567.html]
[C:/Users/na__l/Desktop/web_pf/sbs_web_pf/μ΅°μ„ νΈν…” λ¨μ‘/josun/www.josunhotel.com/util/file/FPS_1920x900 233af.jpg;]
[C:/Users/na__l/Desktop/web_pf/sbs_web_pf/μ΅°μ„ νΈν…” λ¨μ‘/josun/www.josunhotel.com/package/getcc1c.html]
[C:/Users/na__l/Desktop/web_pf/sbs_web_pf/μ΅°μ„ νΈν…” λ¨μ‘/josun/www.josunhotel.com/util/file/FPS_720x5005803.jpg;]
[C:/Users/na__l/Desktop/web_pf/sbs_web_pf/μ΅°μ„ νΈν…” λ¨μ‘/josun/www.josunhotel.com/util/file/Trip To Pangyo._ΈήΐΞjpgea96.jpg;]
[C:/Users/na__l/Desktop/web_pf/sbs_web_pf/μ΅°μ„ νΈν…” λ¨μ‘/josun/www.josunhotel.com/util/file/Trip To Pangyo._ΗύΕΓ2jpgf905.jpg;]
[C:/Users/na__l/Desktop/web_pf/sbs_web_pf/μ΅°μ„ νΈν…” λ¨μ‘/josun/www.josunhotel.com/util/file/[ΑΦΏδΗύΕΓ] Η®·ΞΊκc11a.jpg;]
[C:/Users/na__l/Desktop/web_pf/sbs_web_pf/μ΅°μ„ νΈν…” λ¨μ‘/josun/www.josunhotel.com/util/file/ΖΠΕ°Αφ ΗύΕΓ_±Χ·΅ΊρΖΌ Ε¬·΄b26a.jpg;]
[C:/Users/na__l/Desktop/web_pf/sbs_web_pf/μ΅°μ„ νΈν…” λ¨μ‘/josun/www.josunhotel.com/util/file/Trip To Pangyoa756.jpg;]
[C:/Users/na__l/Desktop/web_pf/sbs_web_pf/μ΅°μ„ νΈν…” λ¨μ‘/josun/www.josunhotel.com/package/getce56.html]
[C:/Users/na__l/Desktop/web_pf/sbs_web_pf/μ΅°μ„ νΈν…” λ¨μ‘/josun/www.josunhotel.com/util/file/ΖΠΕ°Αφ ΈήΐΞ(1920x900)5c04.jpg;]
[C:/Users/na__l/Desktop/web_pf/sbs_web_pf/μ΅°μ„ νΈν…” λ¨μ‘/josun/www.josunhotel.com/util/file/ΑΦΏδ ΗύΕΓ(1) (720x500)4226.jpg;]
[C:/Users/na__l/Desktop/web_pf/sbs_web_pf/μ΅°μ„ νΈν…” λ¨μ‘/josun/www.josunhotel.com/util/file/ΑΦΏδ ΗύΕΓ(2) (720x500)bc63.jpg;]
[C:/Users/na__l/Desktop/web_pf/sbs_web_pf/μ΅°μ„ νΈν…” λ¨μ‘/josun/www.josunhotel.com/util/file/ΑΦΏδ ΗύΕΓ(3) 720x5009cf8.jpg;]
[C:/Users/na__l/Desktop/web_pf/sbs_web_pf/μ΅°μ„ νΈν…” λ¨μ‘/josun/www.josunhotel.com/util/file/ΑΦΏδ ΗύΕΓ(4) 720x50050e7.jpg;]
[C:/Users/na__l/Desktop/web_pf/sbs_web_pf/μ΅°μ„ νΈν…” λ¨μ‘/josun/www.josunhotel.com/util/file/1040-32c3d.jpg;]
[C:/Users/na__l/Desktop/web_pf/sbs_web_pf/μ΅°μ„ νΈν…” λ¨μ‘/josun/www.josunhotel.com/util/file/6804388.jpg;]
[C:/Users/na__l/Desktop/web_pf/sbs_web_pf/μ΅°μ„ νΈν…” λ¨μ‘/josun/www.josunhotel.com/package/getcc1a.html]
[C:/Users/na__l/Desktop/web_pf/sbs_web_pf/μ΅°μ„ νΈν…” λ¨μ‘/josun/www.josunhotel.com/util/file/1920 900 Nice J Shot! 1_ Εζ 20425.jpg;]
[C:/Users/na__l/Desktop/web_pf/sbs_web_pf/μ΅°μ„ νΈν…” λ¨μ‘/josun/www.josunhotel.com/util/file/720 500_210820_Ώώ½ΊΕΟΑ¶Ό±Ό­Ώο_Nice J Shot!_1920X900_ver 1 9bf0.png;]
[C:/Users/na__l/Desktop/web_pf/sbs_web_pf/μ΅°μ„ νΈν…” λ¨μ‘/josun/www.josunhotel.com/util/file/720 500 Nice J Shot! ΌΌΊΞ ΗύΕΓ502d.jpg;]
[C:/Users/na__l/Desktop/web_pf/sbs_web_pf/μ΅°μ„ νΈν…” λ¨μ‘/josun/www.josunhotel.com/util/file/720 500 Ε¥ΐΜµπb25d.jpg;]
[C:/Users/na__l/Desktop/web_pf/sbs_web_pf/μ΅°μ„ νΈν…” λ¨μ‘/josun/www.josunhotel.com/util/file/720 500 Vspa Couple Room5760.jpg;]
[C:/Users/na__l/Desktop/web_pf/sbs_web_pf/μ΅°μ„ νΈν…” λ¨μ‘/josun/www.josunhotel.com/util/file/720 500 Nice J Shot! 1_ Εζ 2273e.jpg;]
[C:/Users/na__l/Desktop/web_pf/sbs_web_pf/μ΅°μ„ νΈν…” λ¨μ‘/josun/www.josunhotel.com/util/file/Ε¬·΄Α¶Ό±115a.png;]
[C:/Users/na__l/Desktop/web_pf/sbs_web_pf/μ΅°μ„ νΈν…” λ¨μ‘/josun/www.josunhotel.com/package/getbb29.html]
[C:/Users/na__l/Desktop/web_pf/sbs_web_pf/μ΅°μ„ νΈν…” λ¨μ‘/josun/www.josunhotel.com/util/file/ΈΫΔ²½ΊΈήΐΞb2a9.jpg;]
[C:/Users/na__l/Desktop/web_pf/sbs_web_pf/μ΅°μ„ νΈν…” λ¨μ‘/josun/www.josunhotel.com/util/file/΄σ΄σΐΜΐΗ °άΏο³±βe47c.jpg;]
[C:/Users/na__l/Desktop/web_pf/sbs_web_pf/μ΅°μ„ νΈν…” λ¨μ‘/josun/www.josunhotel.com/util/file/ΈΫΔ²½ΊXΉίΉΒ΄Ω_ΌφΑ¤88e7.jpg;]
[C:/Users/na__l/Desktop/web_pf/sbs_web_pf/μ΅°μ„ νΈν…” λ¨μ‘/josun/www.josunhotel.com/util/file/Final_GJB_Architectural_Facility_HeavenlyPool_Indoor_03-720-500cc93.jpg;]
[C:/Users/na__l/Desktop/web_pf/sbs_web_pf/μ΅°μ„ νΈν…” λ¨μ‘/josun/www.josunhotel.com/util/file/ΉΜΎΘΗΨ ΄σ΄σΎΖ..0d94.png;]
[C:/Users/na__l/Desktop/web_pf/sbs_web_pf/μ΅°μ„ νΈν…” λ¨μ‘/josun/www.josunhotel.com/util/file/ΈΫΔ²½Ί ΔΪ³Κ½Ίΐ§Ζ®eb94.jpg;]
[C:/Users/na__l/Desktop/web_pf/sbs_web_pf/μ΅°μ„ νΈν…” λ¨μ‘/josun/www.josunhotel.com/util/file/ΈΫΔ²½ΊX½ΊΕΈΉχ½Ί_ΌφΑ¤da46.jpg;]
[C:/Users/na__l/Desktop/web_pf/sbs_web_pf/μ΅°μ„ νΈν…” λ¨μ‘/josun/www.josunhotel.com/util/file/Ηγ΄ΟΉ®_680X4707b74.jpg;]
[C:/Users/na__l/Desktop/web_pf/sbs_web_pf/μ΅°μ„ νΈν…” λ¨μ‘/josun/www.josunhotel.com/util/file/Early 684X470f5e4.jpg;]
[C:/Users/na__l/Desktop/web_pf/sbs_web_pf/μ΅°μ„ νΈν…” λ¨μ‘/josun/www.josunhotel.com/util/file/½ΊΖΔ_680x4700b8b.jpg;]
[C:/Users/na__l/Desktop/web_pf/sbs_web_pf/μ΅°μ„ νΈν…” λ¨μ‘/josun/www.josunhotel.com/util/file/SFB 684X47009f6.jpg;]
[C:/Users/na__l/Desktop/web_pf/sbs_web_pf/μ΅°μ„ νΈν…” λ¨μ‘/josun/www.josunhotel.com/util/file/Best 684X470228f.jpg;]
[C:/Users/na__l/Desktop/web_pf/sbs_web_pf/μ΅°μ„ νΈν…” λ¨μ‘/josun/www.josunhotel.com/util/file/Early-B&B_newf910.jpg;]
[C:/Users/na__l/Desktop/web_pf/sbs_web_pf/μ΅°μ„ νΈν…” λ¨μ‘/josun/www.josunhotel.com/package/get2bd4.html]
[C:/Users/na__l/Desktop/web_pf/sbs_web_pf/μ΅°μ„ νΈν…” λ¨μ‘/josun/www.josunhotel.com/login/loginFormae64.html]
[C:/Users/na__l/Desktop/web_pf/sbs_web_pf/μ΅°μ„ νΈν…” λ¨μ‘/josun/www.josunhotel.com/login/loginFormeaf5.html]
[C:/Users/na__l/Desktop/web_pf/sbs_web_pf/μ΅°μ„ νΈν…” λ¨μ‘/josun/www.josunhotel.com/policy/agreement.html]
[C:/Users/na__l/Desktop/web_pf/sbs_web_pf/μ΅°μ„ νΈν…” λ¨μ‘/josun/www.josunhotel.com/policy/clubJosun.html]
[C:/Users/na__l/Desktop/web_pf/sbs_web_pf/μ΅°μ„ νΈν…” λ¨μ‘/josun/www.josunhotel.com/policy/voucher.html]
[C:/Users/na__l/Desktop/web_pf/sbs_web_pf/μ΅°μ„ νΈν…” λ¨μ‘/josun/www.josunhotel.com/policy/privacy.html]
[C:/Users/na__l/Desktop/web_pf/sbs_web_pf/μ΅°μ„ νΈν…” λ¨μ‘/josun/www.josunhotel.com/sitemap.html]
[C:/Users/na__l/Desktop/web_pf/sbs_web_pf/μ΅°μ„ νΈν…” λ¨μ‘/josun/www.josunhotel.com/policy/media.html]
[C:/Users/na__l/Desktop/web_pf/sbs_web_pf/μ΅°μ„ νΈν…” λ¨μ‘/josun/www.josunhotel.com/policy/emailSecurity.html]
[C:/Users/na__l/Desktop/web_pf/sbs_web_pf/μ΅°μ„ νΈν…” λ¨μ‘/josun/www.josunhotel.com/static/home/font/notokr-light.woff]
[C:/Users/na__l/Desktop/web_pf/sbs_web_pf/μ΅°μ„ νΈν…” λ¨μ‘/josun/www.josunhotel.com/static/home/font/notokr-light.woff2]
[C:/Users/na__l/Desktop/web_pf/sbs_web_pf/μ΅°μ„ νΈν…” λ¨μ‘/josun/www.josunhotel.com/static/home/font/notokr-regular.woff]
[C:/Users/na__l/Desktop/web_pf/sbs_web_pf/μ΅°μ„ νΈν…” λ¨μ‘/josun/www.josunhotel.com/static/home/font/notokr-regular.woff2]
[C:/Users/na__l/Desktop/web_pf/sbs_web_pf/μ΅°μ„ νΈν…” λ¨μ‘/josun/www.josunhotel.com/static/home/font/notokr-medium.woff]
[C:/Users/na__l/Desktop/web_pf/sbs_web_pf/μ΅°μ„ νΈν…” λ¨μ‘/josun/www.josunhotel.com/static/home/font/notokr-medium.woff2]
[C:/Users/na__l/Desktop/web_pf/sbs_web_pf/μ΅°μ„ νΈν…” λ¨μ‘/josun/www.josunhotel.com/static/home/font/gotham-light.woff]
[C:/Users/na__l/Desktop/web_pf/sbs_web_pf/μ΅°μ„ νΈν…” λ¨μ‘/josun/www.josunhotel.com/static/home/font/gotham-light.woff2]
[C:/Users/na__l/Desktop/web_pf/sbs_web_pf/μ΅°μ„ νΈν…” λ¨μ‘/josun/www.josunhotel.com/static/home/font/gotham-light.ttf]
[C:/Users/na__l/Desktop/web_pf/sbs_web_pf/μ΅°μ„ νΈν…” λ¨μ‘/josun/www.josunhotel.com/static/home/font/gotham-book.woff]
[C:/Users/na__l/Desktop/web_pf/sbs_web_pf/μ΅°μ„ νΈν…” λ¨μ‘/josun/www.josunhotel.com/static/home/font/gotham-book.woff2]
[C:/Users/na__l/Desktop/web_pf/sbs_web_pf/μ΅°μ„ νΈν…” λ¨μ‘/josun/www.josunhotel.com/static/home/font/gotham-book.ttf]
[C:/Users/na__l/Desktop/web_pf/sbs_web_pf/μ΅°μ„ νΈν…” λ¨μ‘/josun/www.josunhotel.com/static/home/font/gotham-medium.woff]
[C:/Users/na__l/Desktop/web_pf/sbs_web_pf/μ΅°μ„ νΈν…” λ¨μ‘/josun/www.josunhotel.com/static/home/font/gotham-medium.woff2]
[C:/Users/na__l/Desktop/web_pf/sbs_web_pf/μ΅°μ„ νΈν…” λ¨μ‘/josun/www.josunhotel.com/static/home/font/gotham-medium.ttf]
[C:/Users/na__l/Desktop/web_pf/sbs_web_pf/μ΅°μ„ νΈν…” λ¨μ‘/josun/www.josunhotel.com/static/home/font/PlayfairDisplaySC-Regular.woff]
[C:/Users/na__l/Desktop/web_pf/sbs_web_pf/μ΅°μ„ νΈν…” λ¨μ‘/josun/www.josunhotel.com/static/home/font/PlayfairDisplaySC-Regular.woff2]
[C:/Users/na__l/Desktop/web_pf/sbs_web_pf/μ΅°μ„ νΈν…” λ¨μ‘/josun/www.josunhotel.com/static/home/font/PlayfairDisplaySC-Regular.ttf]
[C:/Users/na__l/Desktop/web_pf/sbs_web_pf/μ΅°μ„ νΈν…” λ¨μ‘/josun/www.josunhotel.com/static/home/images/ko/pc/common/ico_nodata.gif]
[C:/Users/na__l/Desktop/web_pf/sbs_web_pf/μ΅°μ„ νΈν…” λ¨μ‘/josun/www.josunhotel.com/static/home/images/ko/pc/common/bg_error_logo.gif]
[C:/Users/na__l/Desktop/web_pf/sbs_web_pf/μ΅°μ„ νΈν…” λ¨μ‘/josun/www.josunhotel.com/static/home/images/ko/pc/common/spr_form.png]
[C:/Users/na__l/Desktop/web_pf/sbs_web_pf/μ΅°μ„ νΈν…” λ¨μ‘/josun/www.josunhotel.com/static/home/images/ko/pc/common/ico_calendar.png]
[C:/Users/na__l/Desktop/web_pf/sbs_web_pf/μ΅°μ„ νΈν…” λ¨μ‘/josun/www.josunhotel.com/static/home/images/ko/pc/common/ico_calendar_single.png]
[C:/Users/na__l/Desktop/web_pf/sbs_web_pf/μ΅°μ„ νΈν…” λ¨μ‘/josun/www.josunhotel.com/static/home/images/ko/pc/common/btn_swipe_12x21_black.png]
[C:/Users/na__l/Desktop/web_pf/sbs_web_pf/μ΅°μ„ νΈν…” λ¨μ‘/josun/www.josunhotel.com/static/home/images/ko/pc/common/bg_step.png]
[C:/Users/na__l/Desktop/web_pf/sbs_web_pf/μ΅°μ„ νΈν…” λ¨μ‘/josun/www.josunhotel.com/static/home/images/ko/pc/common/ico_arr_7x13.png]
[C:/Users/na__l/Desktop/web_pf/sbs_web_pf/μ΅°μ„ νΈν…” λ¨μ‘/josun/www.josunhotel.com/static/home/images/ko/pc/common/ico_arr_10x18.png]
[C:/Users/na__l/Desktop/web_pf/sbs_web_pf/μ΅°μ„ νΈν…” λ¨μ‘/josun/www.josunhotel.com/static/home/images/ko/pc/common/ico_up.png]
[C:/Users/na__l/Desktop/web_pf/sbs_web_pf/μ΅°μ„ νΈν…” λ¨μ‘/josun/www.josunhotel.com/static/home/images/ko/pc/common/ico_delete_18x18.png]
[C:/Users/na__l/Desktop/web_pf/sbs_web_pf/μ΅°μ„ νΈν…” λ¨μ‘/josun/www.josunhotel.com/static/home/images/ko/pc/common/ico_addfile.png]
[C:/Users/na__l/Desktop/web_pf/sbs_web_pf/μ΅°μ„ νΈν…” λ¨μ‘/josun/www.josunhotel.com/static/home/images/ko/pc/common/btn_swipe_22x44.png]
[C:/Users/na__l/Desktop/web_pf/sbs_web_pf/μ΅°μ„ νΈν…” λ¨μ‘/josun/www.josunhotel.com/static/home/images/ko/pc/common/btn_swipe_12x21.png]
[C:/Users/na__l/Desktop/web_pf/sbs_web_pf/μ΅°μ„ νΈν…” λ¨μ‘/josun/www.josunhotel.com/static/home/images/ko/pc/common/ico_paging.png]
[C:/Users/na__l/Desktop/web_pf/sbs_web_pf/μ΅°μ„ νΈν…” λ¨μ‘/josun/www.josunhotel.com/static/home/images/ko/pc/HULO/ico_sns-google.png]
[C:/Users/na__l/Desktop/web_pf/sbs_web_pf/μ΅°μ„ νΈν…” λ¨μ‘/josun/www.josunhotel.com/static/home/images/ko/pc/HULO/ico_sns-naver.png]
[C:/Users/na__l/Desktop/web_pf/sbs_web_pf/μ΅°μ„ νΈν…” λ¨μ‘/josun/www.josunhotel.com/static/home/images/ko/pc/HULO/ico_sns-facebook.png]
[C:/Users/na__l/Desktop/web_pf/sbs_web_pf/μ΅°μ„ νΈν…” λ¨μ‘/josun/www.josunhotel.com/static/home/images/ko/pc/HULO/ico_sns-kakao.png]
[C:/Users/na__l/Desktop/web_pf/sbs_web_pf/μ΅°μ„ νΈν…” λ¨μ‘/josun/www.josunhotel.com/static/home/images/ko/pc/HULO/ico_sns-apple.png]
[C:/Users/na__l/Desktop/web_pf/sbs_web_pf/μ΅°μ„ νΈν…” λ¨μ‘/josun/www.josunhotel.com/static/home/images/ko/pc/common/ico_down.png]
[C:/Users/na__l/Desktop/web_pf/sbs_web_pf/μ΅°μ„ νΈν…” λ¨μ‘/josun/www.josunhotel.com/static/home/images/ko/pc/common/ico_down_gray.png]
[C:/Users/na__l/Desktop/web_pf/sbs_web_pf/μ΅°μ„ νΈν…” λ¨μ‘/josun/www.josunhotel.com/static/home/images/ko/pc/common/ico_up_gray.png]
[C:/Users/na__l/Desktop/web_pf/sbs_web_pf/μ΅°μ„ νΈν…” λ¨μ‘/josun/www.josunhotel.com/static/home/images/ko/pc/common/btn_swipe_40x40.png]
[C:/Users/na__l/Desktop/web_pf/sbs_web_pf/μ΅°μ„ νΈν…” λ¨μ‘/josun/www.josunhotel.com/static/home/images/ko/pc/common/ico_cursor.png]
[C:/Users/na__l/Desktop/web_pf/sbs_web_pf/μ΅°μ„ νΈν…” λ¨μ‘/josun/www.josunhotel.com/static/home/images/ko/pc/common/icon_josun_7x20.png]
[C:/Users/na__l/Desktop/web_pf/sbs_web_pf/μ΅°μ„ νΈν…” λ¨μ‘/josun/www.josunhotel.com/static/home/css/ko/pc/common_new.css]
[C:/Users/na__l/Desktop/web_pf/sbs_web_pf/μ΅°μ„ νΈν…” λ¨μ‘/josun/www.josunhotel.com/static/home/images/ko/pc/common/ico_essential.png]
[C:/Users/na__l/Desktop/web_pf/sbs_web_pf/μ΅°μ„ νΈν…” λ¨μ‘/josun/www.josunhotel.com/static/home/images/ko/pc/common/ico_toggle.png]
[C:/Users/na__l/Desktop/web_pf/sbs_web_pf/μ΅°μ„ νΈν…” λ¨μ‘/josun/www.josunhotel.com/static/home/images/ko/pc/common/ico_toggle_w_18x10.png]
[C:/Users/na__l/Desktop/web_pf/sbs_web_pf/μ΅°μ„ νΈν…” λ¨μ‘/josun/www.josunhotel.com/static/home/images/ko/pc/HURE/ico_room_infor.png]
[C:/Users/na__l/Desktop/web_pf/sbs_web_pf/μ΅°μ„ νΈν…” λ¨μ‘/josun/www.josunhotel.com/static/home/images/ko/pc/HURE/ico_bed_view.png]
[C:/Users/na__l/Desktop/web_pf/sbs_web_pf/μ΅°μ„ νΈν…” λ¨μ‘/josun/www.josunhotel.com/static/home/images/ko/pc/common/btn_swipe_18x18.png]
[C:/Users/na__l/Desktop/web_pf/sbs_web_pf/μ΅°μ„ νΈν…” λ¨μ‘/josun/www.josunhotel.com/static/home/images/ko/pc/common/ico_comparison.png]
[C:/Users/na__l/Desktop/web_pf/sbs_web_pf/μ΅°μ„ νΈν…” λ¨μ‘/josun/www.josunhotel.com/static/home/images/ko/pc/HURE/bg_comparison.png]
[C:/Users/na__l/Desktop/web_pf/sbs_web_pf/μ΅°μ„ νΈν…” λ¨μ‘/josun/www.josunhotel.com/static/home/images/ko/pc/common/btn_del.gif]
[C:/Users/na__l/Desktop/web_pf/sbs_web_pf/μ΅°μ„ νΈν…” λ¨μ‘/josun/www.josunhotel.com/static/home/images/ko/pc/HURE/ico_btn_apply.png]
[C:/Users/na__l/Desktop/web_pf/sbs_web_pf/μ΅°μ„ νΈν…” λ¨μ‘/josun/www.josunhotel.com/static/home/images/ko/pc/HURE/ico_point_symbol.png]
[C:/Users/na__l/Desktop/web_pf/sbs_web_pf/μ΅°μ„ νΈν…” λ¨μ‘/josun/www.josunhotel.com/static/home/images/ko/pc/common/ico_toggle_18x10.png]
[C:/Users/na__l/Desktop/web_pf/sbs_web_pf/μ΅°μ„ νΈν…” λ¨μ‘/josun/www.josunhotel.com/static/home/images/ko/pc/common/btn_view_more.png]
[C:/Users/na__l/Desktop/web_pf/sbs_web_pf/μ΅°μ„ νΈν…” λ¨μ‘/josun/www.josunhotel.com/static/home/images/ko/pc/common/ico_diary.png]
[C:/Users/na__l/Desktop/web_pf/sbs_web_pf/μ΅°μ„ νΈν…” λ¨μ‘/josun/www.josunhotel.com/static/home/images/ko/pc/common/ico_point_symbol-gold.png]
[C:/Users/na__l/Desktop/web_pf/sbs_web_pf/μ΅°μ„ νΈν…” λ¨μ‘/josun/www.josunhotel.com/static/home/images/ko/pc/common/ico_point_symbol-black.png]
[C:/Users/na__l/Desktop/web_pf/sbs_web_pf/μ΅°μ„ νΈν…” λ¨μ‘/josun/www.josunhotel.com/static/home/images/ko/pc/common/btn_swiperL.png]
[C:/Users/na__l/Desktop/web_pf/sbs_web_pf/μ΅°μ„ νΈν…” λ¨μ‘/josun/www.josunhotel.com/static/home/images/ko/pc/common/ico_toggle_14x8.png]
[C:/Users/na__l/Desktop/web_pf/sbs_web_pf/μ΅°μ„ νΈν…” λ¨μ‘/josun/www.josunhotel.com/static/home/images/ko/pc/common/ico_bookmark.png]
[C:/Users/na__l/Desktop/web_pf/sbs_web_pf/μ΅°μ„ νΈν…” λ¨μ‘/josun/www.josunhotel.com/static/home/images/ko/pc/common/ico_detail_23x22.png]
[C:/Users/na__l/Desktop/web_pf/sbs_web_pf/μ΅°μ„ νΈν…” λ¨μ‘/josun/www.josunhotel.com/static/home/images/ko/pc/common/ico_btns.png]
[C:/Users/na__l/Desktop/web_pf/sbs_web_pf/μ΅°μ„ νΈν…” λ¨μ‘/josun/www.josunhotel.com/static/home/images/ko/pc/common/bg_table_type.png]
[C:/Users/na__l/Desktop/web_pf/sbs_web_pf/μ΅°μ„ νΈν…” λ¨μ‘/josun/www.josunhotel.com/static/home/images/ko/pc/common/btn_close_14x14.png]
[C:/Users/na__l/Desktop/web_pf/sbs_web_pf/μ΅°μ„ νΈν…” λ¨μ‘/josun/www.josunhotel.com/static/home/images/ko/pc/HUAB/ico_sns-youtube.png]
[C:/Users/na__l/Desktop/web_pf/sbs_web_pf/μ΅°μ„ νΈν…” λ¨μ‘/josun/www.josunhotel.com/static/home/images/ko/pc/HUAB/ico_sns-facebook.png]
[C:/Users/na__l/Desktop/web_pf/sbs_web_pf/μ΅°μ„ νΈν…” λ¨μ‘/josun/www.josunhotel.com/static/home/images/ko/pc/HUAB/ico_sns-instagram.png]
[C:/Users/na__l/Desktop/web_pf/sbs_web_pf/μ΅°μ„ νΈν…” λ¨μ‘/josun/www.josunhotel.com/static/home/images/ko/pc/common/ico_arr_white_7x13.png]
[C:/Users/na__l/Desktop/web_pf/sbs_web_pf/μ΅°μ„ νΈν…” λ¨μ‘/josun/www.josunhotel.com/static/home/images/ko/pc/common/ico_share.png]
[C:/Users/na__l/Desktop/web_pf/sbs_web_pf/μ΅°μ„ νΈν…” λ¨μ‘/josun/www.josunhotel.com/static/home/css/ko/pc/contents.css]
[C:/Users/na__l/Desktop/web_pf/sbs_web_pf/μ΅°μ„ νΈν…” λ¨μ‘/josun/www.josunhotel.com/package/getf46a.html]
[C:/Users/na__l/Desktop/web_pf/sbs_web_pf/μ΅°μ„ νΈν…” λ¨μ‘/josun/www.josunhotel.com/package/get0d2b.html]
[C:/Users/na__l/Desktop/web_pf/sbs_web_pf/μ΅°μ„ νΈν…” λ¨μ‘/josun/www.josunhotel.com/package/get3b24.html]
[C:/Users/na__l/Desktop/web_pf/sbs_web_pf/μ΅°μ„ νΈν…” λ¨μ‘/josun/www.josunhotel.com/package/get5891.html]
[C:/Users/na__l/Desktop/web_pf/sbs_web_pf/μ΅°μ„ νΈν…” λ¨μ‘/josun/www.josunhotel.com/revolution/content/img_membership-premiere25d.png;]
[C:/Users/na__l/Desktop/web_pf/sbs_web_pf/μ΅°μ„ νΈν…” λ¨μ‘/josun/www.josunhotel.com/membership/premier.html]
[C:/Users/na__l/Desktop/web_pf/sbs_web_pf/μ΅°μ„ νΈν…” λ¨μ‘/josun/www.josunhotel.com/revolution/content/img_membership-gold0ebb.png;]
[C:/Users/na__l/Desktop/web_pf/sbs_web_pf/μ΅°μ„ νΈν…” λ¨μ‘/josun/www.josunhotel.com/membership/gold.html]
[C:/Users/na__l/Desktop/web_pf/sbs_web_pf/μ΅°μ„ νΈν…” λ¨μ‘/josun/www.josunhotel.com/revolution/content/img_membership-platinum54eb.png;]
[C:/Users/na__l/Desktop/web_pf/sbs_web_pf/μ΅°μ„ νΈν…” λ¨μ‘/josun/www.josunhotel.com/membership/platinum.html]
[C:/Users/na__l/Desktop/web_pf/sbs_web_pf/μ΅°μ„ νΈν…” λ¨μ‘/josun/www.josunhotel.com/revolution/content/img_membership-blackc99b.png;]
[C:/Users/na__l/Desktop/web_pf/sbs_web_pf/μ΅°μ„ νΈν…” λ¨μ‘/josun/www.josunhotel.com/membership/black.html]
[C:/Users/na__l/Desktop/web_pf/sbs_web_pf/μ΅°μ„ νΈν…” λ¨μ‘/josun/www.josunhotel.com/login/main.html]
[C:/Users/na__l/Desktop/web_pf/sbs_web_pf/μ΅°μ„ νΈν…” λ¨μ‘/josun/www.josunhotel.com/identify/findIdentifyIntro.html]
[C:/Users/na__l/Desktop/web_pf/sbs_web_pf/μ΅°μ„ νΈν…” λ¨μ‘/josun/www.josunhotel.com/resve/dining/url.html]
[C:/Users/na__l/Desktop/web_pf/sbs_web_pf/μ΅°μ„ νΈν…” λ¨μ‘/josun/www.josunhotel.com/login/loginForm78d6.html]
[C:/Users/na__l/Desktop/web_pf/sbs_web_pf/μ΅°μ„ νΈν…” λ¨μ‘/josun/www.josunhotel.com/login/loginForm1694.html]
[C:/Users/na__l/Desktop/web_pf/sbs_web_pf/μ΅°μ„ νΈν…” λ¨μ‘/josun/developers.kakao.com/sdk/js/kakao.js]
[C:/Users/na__l/Desktop/web_pf/sbs_web_pf/μ΅°μ„ νΈν…” λ¨μ‘/josun/www.josunhotel.com/login/loginFormfe55.html]
[C:/Users/na__l/Desktop/web_pf/sbs_web_pf/μ΅°μ„ νΈν…” λ¨μ‘/josun/www.josunhotel.com/login/loginForme8cd.html]
[C:/Users/na__l/Desktop/web_pf/sbs_web_pf/μ΅°μ„ νΈν…” λ¨μ‘/josun/www.josunhotel.com/login/loginForm6376.html]
[C:/Users/na__l/Desktop/web_pf/sbs_web_pf/μ΅°μ„ νΈν…” λ¨μ‘/josun/www.josunhotel.com/login/loginFormf6a1.html]
[C:/Users/na__l/Desktop/web_pf/sbs_web_pf/μ΅°μ„ νΈν…” λ¨μ‘/josun/www.josunhotel.com/login/loginForm65fc.html]
[C:/Users/na__l/Desktop/web_pf/sbs_web_pf/μ΅°μ„ νΈν…” λ¨μ‘/josun/www.josunhotel.com/login/loginForm6b91.html]
[C:/Users/na__l/Desktop/web_pf/sbs_web_pf/μ΅°μ„ νΈν…” λ¨μ‘/josun/www.josunhotel.com/login/loginForm4deb.html]
[C:/Users/na__l/Desktop/web_pf/sbs_web_pf/μ΅°μ„ νΈν…” λ¨μ‘/josun/www.josunhotel.com/our/event5b66.html]
[C:/Users/na__l/Desktop/web_pf/sbs_web_pf/μ΅°μ„ νΈν…” λ¨μ‘/josun/www.josunhotel.com/static/home/font/notokr-light.html]
[C:/Users/na__l/Desktop/web_pf/sbs_web_pf/μ΅°μ„ νΈν…” λ¨μ‘/josun/www.josunhotel.com/static/home/font/notokr-regular.html]
[C:/Users/na__l/Desktop/web_pf/sbs_web_pf/μ΅°μ„ νΈν…” λ¨μ‘/josun/www.josunhotel.com/static/home/font/notokr-medium.html]
[C:/Users/na__l/Desktop/web_pf/sbs_web_pf/μ΅°μ„ νΈν…” λ¨μ‘/josun/www.josunhotel.com/identify/identifyIntro1654.html]
[C:/Users/na__l/Desktop/web_pf/sbs_web_pf/μ΅°μ„ νΈν…” λ¨μ‘/josun/www.josunhotel.com/login/loginForm381c.html]
[C:/Users/na__l/Desktop/web_pf/sbs_web_pf/μ΅°μ„ νΈν…” λ¨μ‘/josun/www.josunhotel.com/identify/identifyIntro8068.html]
[C:/Users/na__l/Desktop/web_pf/sbs_web_pf/μ΅°μ„ νΈν…” λ¨μ‘/josun/www.josunhotel.com/login/loginForm49c4.html]
[C:/Users/na__l/Desktop/web_pf/sbs_web_pf/μ΅°μ„ νΈν…” λ¨μ‘/josun/www.josunhotel.com/identify/identifyIntrocdb8.html]
[C:/Users/na__l/Desktop/web_pf/sbs_web_pf/μ΅°μ„ νΈν…” λ¨μ‘/josun/www.josunhotel.com/login/loginForm7c37.html]
[C:/Users/na__l/Desktop/web_pf/sbs_web_pf/μ΅°μ„ νΈν…” λ¨μ‘/josun/openapi.map.naver.com/openapi/v3/maps7491.js]
[C:/Users/na__l/Desktop/web_pf/sbs_web_pf/μ΅°μ„ νΈν…” λ¨μ‘/josun/t1.daumcdn.net/mapjsapi/bundle/postcode/prod/postcode.v2.js]
